#
# There is insufficient memory for the Java Runtime Environment to continue.
# Native memory allocation (mmap) failed to map 65536 bytes for Failed to commit metaspace.
# Possible reasons:
#   The system is out of physical RAM or swap space
#   The process is running with CompressedOops enabled, and the Java Heap may be blocking the growth of the native heap
# Possible solutions:
#   Reduce memory load on the system
#   Increase physical memory or swap space
#   Check if swap backing store is full
#   Decrease Java heap size (-Xmx/-Xms)
#   Decrease number of Java threads
#   Decrease Java thread stack sizes (-Xss)
#   Set larger code cache with -XX:ReservedCodeCacheSize=
#   JVM is running with Unscaled Compressed Oops mode in which the Java heap is
#     placed in the first 4GB address space. The Java Heap base address is the
#     maximum limit for the native heap growth. Please use -XX:HeapBaseMinAddress
#     to set the Java Heap base and to place the Java Heap above 4GB virtual address.
# This output file may be truncated or incomplete.
#
#  Out of Memory Error (virtualSpaceNode.cpp:110), pid=35196, tid=35308
#
# JRE version: OpenJDK Runtime Environment Temurin-17.0.4+8 (17.0.4+8) (build 17.0.4+8)
# Java VM: OpenJDK 64-Bit Server VM Temurin-17.0.4+8 (17.0.4+8, mixed mode, emulated-client, tiered, compressed oops, compressed class ptrs, g1 gc, windows-amd64)
# No core dump will be written. Minidumps are not enabled by default on client versions of Windows
#

---------------  S U M M A R Y ------------

Command Line: -Dcom.sun.management.jmxremote -Dcom.sun.management.jmxremote.port=59502 -Dcom.sun.management.jmxremote.authenticate=false -Dcom.sun.management.jmxremote.ssl=false -Djava.rmi.server.hostname=localhost -Dspring.jmx.enabled=true -Dspring.application.admin.enabled=true -XX:TieredStopAtLevel=1 -Dspring.boot.project.name=SchoolService -Dfile.encoding=UTF-8 -XX:+ShowCodeDetailsInExceptionMessages com.school.app.SchoolServiceApplication --spring.output.ansi.enabled=always

Host: Intel(R) Xeon(R) Platinum 8272CL CPU @ 2.60GHz, 2 cores, 7G,  Windows 10 , 64 bit Build 19041 (10.0.19041.1889)
Time: Fri Sep 16 07:08:42 2022 Coordinated Universal Time elapsed time: 2.141031 seconds (0d 0h 0m 2s)

---------------  T H R E A D  ---------------

Current thread (0x000002038ef933e0):  JavaThread "main" [_thread_in_vm, id=35308, stack(0x000000719ff00000,0x00000071a0000000)]

Stack: [0x000000719ff00000,0x00000071a0000000]
Native frames: (J=compiled Java code, j=interpreted, Vv=VM code, C=native code)
V  [jvm.dll+0x67733a]
V  [jvm.dll+0x8323c4]
V  [jvm.dll+0x833b6e]
V  [jvm.dll+0x8341d3]
V  [jvm.dll+0x2455e5]
V  [jvm.dll+0x82e36b]
V  [jvm.dll+0x61be16]
V  [jvm.dll+0x1c060e]
V  [jvm.dll+0x61e761]
V  [jvm.dll+0x61c7b6]
V  [jvm.dll+0x23b157]
V  [jvm.dll+0x1e6093]
V  [jvm.dll+0x1eae36]
V  [jvm.dll+0x1e0841]
V  [jvm.dll+0x53c8f0]
V  [jvm.dll+0x7ad188]
V  [jvm.dll+0x7ad274]
V  [jvm.dll+0x40ccb5]
V  [jvm.dll+0x412ea8]
C  [java.dll+0x17ec]

Java frames: (J=compiled Java code, j=interpreted, Vv=VM code)
J 1177  java.lang.ClassLoader.defineClass1(Ljava/lang/ClassLoader;Ljava/lang/String;[BIILjava/security/ProtectionDomain;Ljava/lang/String;)Ljava/lang/Class; java.base@17.0.4 (0 bytes) @ 0x00000203929180db [0x0000020392918020+0x00000000000000bb]
J 1258 c1 java.lang.ClassLoader.defineClass(Ljava/lang/String;[BIILjava/security/ProtectionDomain;)Ljava/lang/Class; java.base@17.0.4 (43 bytes) @ 0x00000203929c9f5c [0x00000203929c9e60+0x00000000000000fc]
J 1263 c1 jdk.internal.loader.BuiltinClassLoader.defineClass(Ljava/lang/String;Ljdk/internal/loader/Resource;)Ljava/lang/Class; java.base@17.0.4 (121 bytes) @ 0x00000203929cdc44 [0x00000203929cd7a0+0x00000000000004a4]
J 1185 c1 jdk.internal.loader.BuiltinClassLoader.findClassOnClassPathOrNull(Ljava/lang/String;)Ljava/lang/Class; java.base@17.0.4 (64 bytes) @ 0x000002039291c31c [0x000002039291c080+0x000000000000029c]
J 883 c1 jdk.internal.loader.BuiltinClassLoader.loadClassOrNull(Ljava/lang/String;Z)Ljava/lang/Class; java.base@17.0.4 (143 bytes) @ 0x000002039289f544 [0x000002039289f100+0x0000000000000444]
J 1072 c1 jdk.internal.loader.ClassLoaders$AppClassLoader.loadClass(Ljava/lang/String;Z)Ljava/lang/Class; java.base@17.0.4 (40 bytes) @ 0x00000203928f2e24 [0x00000203928f2ce0+0x0000000000000144]
J 1055 c1 java.lang.ClassLoader.loadClass(Ljava/lang/String;)Ljava/lang/Class; java.base@17.0.4 (7 bytes) @ 0x00000203928eb9e4 [0x00000203928eb9a0+0x0000000000000044]
v  ~StubRoutines::call_stub
J 1177  java.lang.ClassLoader.defineClass1(Ljava/lang/ClassLoader;Ljava/lang/String;[BIILjava/security/ProtectionDomain;Ljava/lang/String;)Ljava/lang/Class; java.base@17.0.4 (0 bytes) @ 0x00000203929180db [0x0000020392918020+0x00000000000000bb]
J 1258 c1 java.lang.ClassLoader.defineClass(Ljava/lang/String;[BIILjava/security/ProtectionDomain;)Ljava/lang/Class; java.base@17.0.4 (43 bytes) @ 0x00000203929c9f5c [0x00000203929c9e60+0x00000000000000fc]
J 1263 c1 jdk.internal.loader.BuiltinClassLoader.defineClass(Ljava/lang/String;Ljdk/internal/loader/Resource;)Ljava/lang/Class; java.base@17.0.4 (121 bytes) @ 0x00000203929cdc44 [0x00000203929cd7a0+0x00000000000004a4]
J 1185 c1 jdk.internal.loader.BuiltinClassLoader.findClassOnClassPathOrNull(Ljava/lang/String;)Ljava/lang/Class; java.base@17.0.4 (64 bytes) @ 0x000002039291c31c [0x000002039291c080+0x000000000000029c]
J 883 c1 jdk.internal.loader.BuiltinClassLoader.loadClassOrNull(Ljava/lang/String;Z)Ljava/lang/Class; java.base@17.0.4 (143 bytes) @ 0x000002039289f544 [0x000002039289f100+0x0000000000000444]
J 1072 c1 jdk.internal.loader.ClassLoaders$AppClassLoader.loadClass(Ljava/lang/String;Z)Ljava/lang/Class; java.base@17.0.4 (40 bytes) @ 0x00000203928f2e24 [0x00000203928f2ce0+0x0000000000000144]
J 1055 c1 java.lang.ClassLoader.loadClass(Ljava/lang/String;)Ljava/lang/Class; java.base@17.0.4 (7 bytes) @ 0x00000203928eb9e4 [0x00000203928eb9a0+0x0000000000000044]
v  ~StubRoutines::call_stub
j  org.springframework.context.annotation.AnnotationConfigUtils.registerAnnotationConfigProcessors(Lorg/springframework/beans/factory/support/BeanDefinitionRegistry;Ljava/lang/Object;)Ljava/util/Set;+30
j  org.springframework.context.annotation.AnnotationConfigUtils.registerAnnotationConfigProcessors(Lorg/springframework/beans/factory/support/BeanDefinitionRegistry;)V+2
j  org.springframework.context.annotation.AnnotatedBeanDefinitionReader.<init>(Lorg/springframework/beans/factory/support/BeanDefinitionRegistry;Lorg/springframework/core/env/Environment;)V+57
j  org.springframework.context.annotation.AnnotatedBeanDefinitionReader.<init>(Lorg/springframework/beans/factory/support/BeanDefinitionRegistry;)V+6
j  org.springframework.boot.web.servlet.context.AnnotationConfigServletWebServerApplicationContext.<init>()V+21
j  org.springframework.boot.web.servlet.context.AnnotationConfigServletWebServerApplicationContext$Factory.create(Lorg/springframework/boot/WebApplicationType;)Lorg/springframework/context/ConfigurableApplicationContext;+15
j  org.springframework.boot.ApplicationContextFactory.lambda$static$0(Lorg/springframework/boot/WebApplicationType;)Lorg/springframework/context/ConfigurableApplicationContext;+37
j  org.springframework.boot.ApplicationContextFactory$$Lambda$125+0x0000000100158e88.create(Lorg/springframework/boot/WebApplicationType;)Lorg/springframework/context/ConfigurableApplicationContext;+1
j  org.springframework.boot.SpringApplication.createApplicationContext()Lorg/springframework/context/ConfigurableApplicationContext;+8
j  org.springframework.boot.SpringApplication.run([Ljava/lang/String;)Lorg/springframework/context/ConfigurableApplicationContext;+72
j  org.springframework.boot.SpringApplication.run([Ljava/lang/Class;[Ljava/lang/String;)Lorg/springframework/context/ConfigurableApplicationContext;+9
j  org.springframework.boot.SpringApplication.run(Ljava/lang/Class;[Ljava/lang/String;)Lorg/springframework/context/ConfigurableApplicationContext;+9
j  com.school.app.SchoolServiceApplication.main([Ljava/lang/String;)V+3
v  ~StubRoutines::call_stub

---------------  P R O C E S S  ---------------

Threads class SMR info:
_java_thread_list=0x000002039d6ba860, length=20, elements={
0x000002038ef933e0, 0x000002039c0ffa30, 0x000002039c100770, 0x000002039c11d7d0,
0x000002039cc1d410, 0x000002039cc1fce0, 0x000002039cc205a0, 0x000002039cc20e60,
0x000002039c16e380, 0x000002039cd02e40, 0x000002039cdbcfc0, 0x000002039d189420,
0x000002039d18c9c0, 0x000002039d18d2e0, 0x000002039d1f3870, 0x000002039d315b90,
0x000002039d316060, 0x000002039d1839d0, 0x000002039d573000, 0x000002039d6e5a40
}

Java Threads: ( => current thread )
=>0x000002038ef933e0 JavaThread "main" [_thread_in_vm, id=35308, stack(0x000000719ff00000,0x00000071a0000000)]
  0x000002039c0ffa30 JavaThread "Reference Handler" daemon [_thread_blocked, id=35384, stack(0x00000071a0600000,0x00000071a0700000)]
  0x000002039c100770 JavaThread "Finalizer" daemon [_thread_blocked, id=35388, stack(0x00000071a0700000,0x00000071a0800000)]
  0x000002039c11d7d0 JavaThread "Signal Dispatcher" daemon [_thread_blocked, id=35412, stack(0x00000071a0800000,0x00000071a0900000)]
  0x000002039cc1d410 JavaThread "Attach Listener" daemon [_thread_blocked, id=35416, stack(0x00000071a0900000,0x00000071a0a00000)]
  0x000002039cc1fce0 JavaThread "Service Thread" daemon [_thread_blocked, id=35420, stack(0x00000071a0a00000,0x00000071a0b00000)]
  0x000002039cc205a0 JavaThread "Monitor Deflation Thread" daemon [_thread_blocked, id=35424, stack(0x00000071a0b00000,0x00000071a0c00000)]
  0x000002039cc20e60 JavaThread "C1 CompilerThread0" daemon [_thread_blocked, id=35428, stack(0x00000071a0c00000,0x00000071a0d00000)]
  0x000002039c16e380 JavaThread "Sweeper thread" daemon [_thread_blocked, id=35432, stack(0x00000071a0d00000,0x00000071a0e00000)]
  0x000002039cd02e40 JavaThread "Common-Cleaner" daemon [_thread_blocked, id=35464, stack(0x00000071a0e00000,0x00000071a0f00000)]
  0x000002039cdbcfc0 JavaThread "Notification Thread" daemon [_thread_blocked, id=35468, stack(0x00000071a0f00000,0x00000071a1000000)]
  0x000002039d189420 JavaThread "RMI TCP Accept-0" daemon [_thread_in_native, id=35488, stack(0x00000071a1200000,0x00000071a1300000)]
  0x000002039d18c9c0 JavaThread "RMI TCP Accept-59502" daemon [_thread_in_native, id=35492, stack(0x00000071a1300000,0x00000071a1400000)]
  0x000002039d18d2e0 JavaThread "RMI TCP Accept-0" daemon [_thread_in_native, id=35496, stack(0x00000071a1400000,0x00000071a1500000)]
  0x000002039d1f3870 JavaThread "RMI TCP Connection(1)-127.0.0.1" daemon [_thread_in_native, id=35532, stack(0x00000071a1600000,0x00000071a1700000)]
  0x000002039d315b90 JavaThread "RMI TCP Connection(2)-127.0.0.1" daemon [_thread_in_native, id=35548, stack(0x00000071a1700000,0x00000071a1800000)]
  0x000002039d316060 JavaThread "RMI Scheduler(0)" daemon [_thread_blocked, id=35552, stack(0x00000071a1800000,0x00000071a1900000)]
  0x000002039d1839d0 JavaThread "JMX server connection timeout 20" daemon [_thread_blocked, id=35560, stack(0x00000071a1900000,0x00000071a1a00000)]
  0x000002039d573000 JavaThread "C1 CompilerThread1" daemon [_thread_blocked, id=35612, stack(0x00000071a1a00000,0x00000071a1b00000)]
  0x000002039d6e5a40 JavaThread "background-preinit" [_thread_in_vm, id=35616, stack(0x00000071a1b00000,0x00000071a1c00000)]

Other Threads:
  0x000002039c131b20 VMThread "VM Thread" [stack: 0x00000071a0500000,0x00000071a0600000] [id=35372]
  0x000002038ef941a0 WatcherThread [stack: 0x00000071a1500000,0x00000071a1600000] [id=35500]
  0x000002038eff1130 GCTaskThread "GC Thread#0" [stack: 0x00000071a0000000,0x00000071a0100000] [id=35324]
  0x000002039d139060 GCTaskThread "GC Thread#1" [stack: 0x00000071a1000000,0x00000071a1100000] [id=35480]
  0x000002038f002f90 ConcurrentGCThread "G1 Main Marker" [stack: 0x00000071a0100000,0x00000071a0200000] [id=35328]
  0x000002038f0038b0 ConcurrentGCThread "G1 Conc#0" [stack: 0x00000071a0200000,0x00000071a0300000] [id=35332]
  0x000002038f0600c0 ConcurrentGCThread "G1 Refine#0" [stack: 0x00000071a0300000,0x00000071a0400000] [id=35336]
  0x000002039ce44360 ConcurrentGCThread "G1 Refine#1" [stack: 0x00000071a1100000,0x00000071a1200000] [id=35484]
  0x000002038f0609f0 ConcurrentGCThread "G1 Service" [stack: 0x00000071a0400000,0x00000071a0500000] [id=35340]

Threads with active compile tasks:

VM state: not at safepoint (normal execution)

VM Mutex/Monitor currently owned by a thread:  ([mutex/lock_event])
[0x000002038ef8d9a0] Metaspace_lock - owner thread: 0x000002038ef933e0

Heap address: 0x0000000080000000, size: 2048 MB, Compressed Oops mode: 32-bit

CDS archive(s) not mapped
Compressed class space mapped at: 0x0000000100000000-0x0000000140000000, reserved size: 1073741824
Narrow klass base: 0x0000000000000000, Narrow klass shift: 3, Narrow klass range: 0x140000000

GC Precious Log:
 CPUs: 2 total, 2 available
 Memory: 8190M
 Large Page Support: Disabled
 NUMA Support: Disabled
 Compressed Oops: Enabled (32-bit)
 Heap Region Size: 1M
 Heap Min Capacity: 8M
 Heap Initial Capacity: 128M
 Heap Max Capacity: 2G
 Pre-touch: Disabled
 Parallel Workers: 2
 Concurrent Workers: 1
 Concurrent Refinement Workers: 2
 Periodic GC: Disabled

Heap:
 garbage-first heap   total 131072K, used 20426K [0x0000000080000000, 0x0000000100000000)
  region size 1024K, 18 young (18432K), 2 survivors (2048K)
 Metaspace       used 20335K, committed 20544K, reserved 1073152K
  class space    used 2354K, committed 2432K, reserved 1048576K

Heap Regions: E=young(eden), S=young(survivor), O=old, HS=humongous(starts), HC=humongous(continues), CS=collection set, F=free, OA=open archive, CA=closed archive, TAMS=top-at-mark-start (previous, next)
|   0|0x0000000080000000, 0x0000000080100000, 0x0000000080100000|100%| O|  |TAMS 0x0000000080000000, 0x0000000080000000| Untracked 
|   1|0x0000000080100000, 0x0000000080200000, 0x0000000080200000|100%| O|  |TAMS 0x0000000080100000, 0x0000000080100000| Untracked 
|   2|0x0000000080200000, 0x0000000080300000, 0x0000000080300000|100%| O|  |TAMS 0x0000000080200000, 0x0000000080200000| Untracked 
|   3|0x0000000080300000, 0x0000000080337000, 0x0000000080400000| 21%| O|  |TAMS 0x0000000080300000, 0x0000000080300000| Untracked 
|   4|0x0000000080400000, 0x0000000080400000, 0x0000000080500000|  0%| F|  |TAMS 0x0000000080400000, 0x0000000080400000| Untracked 
|   5|0x0000000080500000, 0x0000000080500000, 0x0000000080600000|  0%| F|  |TAMS 0x0000000080500000, 0x0000000080500000| Untracked 
|   6|0x0000000080600000, 0x0000000080600000, 0x0000000080700000|  0%| F|  |TAMS 0x0000000080600000, 0x0000000080600000| Untracked 
|   7|0x0000000080700000, 0x0000000080700000, 0x0000000080800000|  0%| F|  |TAMS 0x0000000080700000, 0x0000000080700000| Untracked 
|   8|0x0000000080800000, 0x0000000080800000, 0x0000000080900000|  0%| F|  |TAMS 0x0000000080800000, 0x0000000080800000| Untracked 
|   9|0x0000000080900000, 0x0000000080900000, 0x0000000080a00000|  0%| F|  |TAMS 0x0000000080900000, 0x0000000080900000| Untracked 
|  10|0x0000000080a00000, 0x0000000080a00000, 0x0000000080b00000|  0%| F|  |TAMS 0x0000000080a00000, 0x0000000080a00000| Untracked 
|  11|0x0000000080b00000, 0x0000000080b00000, 0x0000000080c00000|  0%| F|  |TAMS 0x0000000080b00000, 0x0000000080b00000| Untracked 
|  12|0x0000000080c00000, 0x0000000080c00000, 0x0000000080d00000|  0%| F|  |TAMS 0x0000000080c00000, 0x0000000080c00000| Untracked 
|  13|0x0000000080d00000, 0x0000000080d00000, 0x0000000080e00000|  0%| F|  |TAMS 0x0000000080d00000, 0x0000000080d00000| Untracked 
|  14|0x0000000080e00000, 0x0000000080e00000, 0x0000000080f00000|  0%| F|  |TAMS 0x0000000080e00000, 0x0000000080e00000| Untracked 
|  15|0x0000000080f00000, 0x0000000080f00000, 0x0000000081000000|  0%| F|  |TAMS 0x0000000080f00000, 0x0000000080f00000| Untracked 
|  16|0x0000000081000000, 0x0000000081000000, 0x0000000081100000|  0%| F|  |TAMS 0x0000000081000000, 0x0000000081000000| Untracked 
|  17|0x0000000081100000, 0x0000000081100000, 0x0000000081200000|  0%| F|  |TAMS 0x0000000081100000, 0x0000000081100000| Untracked 
|  18|0x0000000081200000, 0x0000000081200000, 0x0000000081300000|  0%| F|  |TAMS 0x0000000081200000, 0x0000000081200000| Untracked 
|  19|0x0000000081300000, 0x0000000081300000, 0x0000000081400000|  0%| F|  |TAMS 0x0000000081300000, 0x0000000081300000| Untracked 
|  20|0x0000000081400000, 0x0000000081400000, 0x0000000081500000|  0%| F|  |TAMS 0x0000000081400000, 0x0000000081400000| Untracked 
|  21|0x0000000081500000, 0x0000000081500000, 0x0000000081600000|  0%| F|  |TAMS 0x0000000081500000, 0x0000000081500000| Untracked 
|  22|0x0000000081600000, 0x0000000081600000, 0x0000000081700000|  0%| F|  |TAMS 0x0000000081600000, 0x0000000081600000| Untracked 
|  23|0x0000000081700000, 0x0000000081700000, 0x0000000081800000|  0%| F|  |TAMS 0x0000000081700000, 0x0000000081700000| Untracked 
|  24|0x0000000081800000, 0x0000000081800000, 0x0000000081900000|  0%| F|  |TAMS 0x0000000081800000, 0x0000000081800000| Untracked 
|  25|0x0000000081900000, 0x0000000081900000, 0x0000000081a00000|  0%| F|  |TAMS 0x0000000081900000, 0x0000000081900000| Untracked 
|  26|0x0000000081a00000, 0x0000000081a00000, 0x0000000081b00000|  0%| F|  |TAMS 0x0000000081a00000, 0x0000000081a00000| Untracked 
|  27|0x0000000081b00000, 0x0000000081b00000, 0x0000000081c00000|  0%| F|  |TAMS 0x0000000081b00000, 0x0000000081b00000| Untracked 
|  28|0x0000000081c00000, 0x0000000081c00000, 0x0000000081d00000|  0%| F|  |TAMS 0x0000000081c00000, 0x0000000081c00000| Untracked 
|  29|0x0000000081d00000, 0x0000000081d00000, 0x0000000081e00000|  0%| F|  |TAMS 0x0000000081d00000, 0x0000000081d00000| Untracked 
|  30|0x0000000081e00000, 0x0000000081e00000, 0x0000000081f00000|  0%| F|  |TAMS 0x0000000081e00000, 0x0000000081e00000| Untracked 
|  31|0x0000000081f00000, 0x0000000081f00000, 0x0000000082000000|  0%| F|  |TAMS 0x0000000081f00000, 0x0000000081f00000| Untracked 
|  32|0x0000000082000000, 0x0000000082000000, 0x0000000082100000|  0%| F|  |TAMS 0x0000000082000000, 0x0000000082000000| Untracked 
|  33|0x0000000082100000, 0x0000000082100000, 0x0000000082200000|  0%| F|  |TAMS 0x0000000082100000, 0x0000000082100000| Untracked 
|  34|0x0000000082200000, 0x0000000082200000, 0x0000000082300000|  0%| F|  |TAMS 0x0000000082200000, 0x0000000082200000| Untracked 
|  35|0x0000000082300000, 0x0000000082300000, 0x0000000082400000|  0%| F|  |TAMS 0x0000000082300000, 0x0000000082300000| Untracked 
|  36|0x0000000082400000, 0x0000000082400000, 0x0000000082500000|  0%| F|  |TAMS 0x0000000082400000, 0x0000000082400000| Untracked 
|  37|0x0000000082500000, 0x0000000082500000, 0x0000000082600000|  0%| F|  |TAMS 0x0000000082500000, 0x0000000082500000| Untracked 
|  38|0x0000000082600000, 0x0000000082600000, 0x0000000082700000|  0%| F|  |TAMS 0x0000000082600000, 0x0000000082600000| Untracked 
|  39|0x0000000082700000, 0x0000000082700000, 0x0000000082800000|  0%| F|  |TAMS 0x0000000082700000, 0x0000000082700000| Untracked 
|  40|0x0000000082800000, 0x0000000082800000, 0x0000000082900000|  0%| F|  |TAMS 0x0000000082800000, 0x0000000082800000| Untracked 
|  41|0x0000000082900000, 0x0000000082900000, 0x0000000082a00000|  0%| F|  |TAMS 0x0000000082900000, 0x0000000082900000| Untracked 
|  42|0x0000000082a00000, 0x0000000082a00000, 0x0000000082b00000|  0%| F|  |TAMS 0x0000000082a00000, 0x0000000082a00000| Untracked 
|  43|0x0000000082b00000, 0x0000000082b00000, 0x0000000082c00000|  0%| F|  |TAMS 0x0000000082b00000, 0x0000000082b00000| Untracked 
|  44|0x0000000082c00000, 0x0000000082c00000, 0x0000000082d00000|  0%| F|  |TAMS 0x0000000082c00000, 0x0000000082c00000| Untracked 
|  45|0x0000000082d00000, 0x0000000082d00000, 0x0000000082e00000|  0%| F|  |TAMS 0x0000000082d00000, 0x0000000082d00000| Untracked 
|  46|0x0000000082e00000, 0x0000000082e00000, 0x0000000082f00000|  0%| F|  |TAMS 0x0000000082e00000, 0x0000000082e00000| Untracked 
|  47|0x0000000082f00000, 0x0000000082f00000, 0x0000000083000000|  0%| F|  |TAMS 0x0000000082f00000, 0x0000000082f00000| Untracked 
|  48|0x0000000083000000, 0x0000000083000000, 0x0000000083100000|  0%| F|  |TAMS 0x0000000083000000, 0x0000000083000000| Untracked 
|  49|0x0000000083100000, 0x0000000083100000, 0x0000000083200000|  0%| F|  |TAMS 0x0000000083100000, 0x0000000083100000| Untracked 
|  50|0x0000000083200000, 0x0000000083200000, 0x0000000083300000|  0%| F|  |TAMS 0x0000000083200000, 0x0000000083200000| Untracked 
|  51|0x0000000083300000, 0x0000000083300000, 0x0000000083400000|  0%| F|  |TAMS 0x0000000083300000, 0x0000000083300000| Untracked 
|  52|0x0000000083400000, 0x0000000083400000, 0x0000000083500000|  0%| F|  |TAMS 0x0000000083400000, 0x0000000083400000| Untracked 
|  53|0x0000000083500000, 0x0000000083500000, 0x0000000083600000|  0%| F|  |TAMS 0x0000000083500000, 0x0000000083500000| Untracked 
|  54|0x0000000083600000, 0x0000000083600000, 0x0000000083700000|  0%| F|  |TAMS 0x0000000083600000, 0x0000000083600000| Untracked 
|  55|0x0000000083700000, 0x0000000083700000, 0x0000000083800000|  0%| F|  |TAMS 0x0000000083700000, 0x0000000083700000| Untracked 
|  56|0x0000000083800000, 0x0000000083800000, 0x0000000083900000|  0%| F|  |TAMS 0x0000000083800000, 0x0000000083800000| Untracked 
|  57|0x0000000083900000, 0x0000000083900000, 0x0000000083a00000|  0%| F|  |TAMS 0x0000000083900000, 0x0000000083900000| Untracked 
|  58|0x0000000083a00000, 0x0000000083a00000, 0x0000000083b00000|  0%| F|  |TAMS 0x0000000083a00000, 0x0000000083a00000| Untracked 
|  59|0x0000000083b00000, 0x0000000083b00000, 0x0000000083c00000|  0%| F|  |TAMS 0x0000000083b00000, 0x0000000083b00000| Untracked 
|  60|0x0000000083c00000, 0x0000000083c00000, 0x0000000083d00000|  0%| F|  |TAMS 0x0000000083c00000, 0x0000000083c00000| Untracked 
|  61|0x0000000083d00000, 0x0000000083d00000, 0x0000000083e00000|  0%| F|  |TAMS 0x0000000083d00000, 0x0000000083d00000| Untracked 
|  62|0x0000000083e00000, 0x0000000083e00000, 0x0000000083f00000|  0%| F|  |TAMS 0x0000000083e00000, 0x0000000083e00000| Untracked 
|  63|0x0000000083f00000, 0x0000000083f00000, 0x0000000084000000|  0%| F|  |TAMS 0x0000000083f00000, 0x0000000083f00000| Untracked 
|  64|0x0000000084000000, 0x0000000084000000, 0x0000000084100000|  0%| F|  |TAMS 0x0000000084000000, 0x0000000084000000| Untracked 
|  65|0x0000000084100000, 0x0000000084100000, 0x0000000084200000|  0%| F|  |TAMS 0x0000000084100000, 0x0000000084100000| Untracked 
|  66|0x0000000084200000, 0x0000000084200000, 0x0000000084300000|  0%| F|  |TAMS 0x0000000084200000, 0x0000000084200000| Untracked 
|  67|0x0000000084300000, 0x0000000084300000, 0x0000000084400000|  0%| F|  |TAMS 0x0000000084300000, 0x0000000084300000| Untracked 
|  68|0x0000000084400000, 0x0000000084400000, 0x0000000084500000|  0%| F|  |TAMS 0x0000000084400000, 0x0000000084400000| Untracked 
|  69|0x0000000084500000, 0x0000000084500000, 0x0000000084600000|  0%| F|  |TAMS 0x0000000084500000, 0x0000000084500000| Untracked 
|  70|0x0000000084600000, 0x0000000084600000, 0x0000000084700000|  0%| F|  |TAMS 0x0000000084600000, 0x0000000084600000| Untracked 
|  71|0x0000000084700000, 0x0000000084700000, 0x0000000084800000|  0%| F|  |TAMS 0x0000000084700000, 0x0000000084700000| Untracked 
|  72|0x0000000084800000, 0x0000000084800000, 0x0000000084900000|  0%| F|  |TAMS 0x0000000084800000, 0x0000000084800000| Untracked 
|  73|0x0000000084900000, 0x0000000084900000, 0x0000000084a00000|  0%| F|  |TAMS 0x0000000084900000, 0x0000000084900000| Untracked 
|  74|0x0000000084a00000, 0x0000000084a00000, 0x0000000084b00000|  0%| F|  |TAMS 0x0000000084a00000, 0x0000000084a00000| Untracked 
|  75|0x0000000084b00000, 0x0000000084b00000, 0x0000000084c00000|  0%| F|  |TAMS 0x0000000084b00000, 0x0000000084b00000| Untracked 
|  76|0x0000000084c00000, 0x0000000084c00000, 0x0000000084d00000|  0%| F|  |TAMS 0x0000000084c00000, 0x0000000084c00000| Untracked 
|  77|0x0000000084d00000, 0x0000000084d00000, 0x0000000084e00000|  0%| F|  |TAMS 0x0000000084d00000, 0x0000000084d00000| Untracked 
|  78|0x0000000084e00000, 0x0000000084e00000, 0x0000000084f00000|  0%| F|  |TAMS 0x0000000084e00000, 0x0000000084e00000| Untracked 
|  79|0x0000000084f00000, 0x0000000084f00000, 0x0000000085000000|  0%| F|  |TAMS 0x0000000084f00000, 0x0000000084f00000| Untracked 
|  80|0x0000000085000000, 0x0000000085000000, 0x0000000085100000|  0%| F|  |TAMS 0x0000000085000000, 0x0000000085000000| Untracked 
|  81|0x0000000085100000, 0x0000000085100000, 0x0000000085200000|  0%| F|  |TAMS 0x0000000085100000, 0x0000000085100000| Untracked 
|  82|0x0000000085200000, 0x0000000085200000, 0x0000000085300000|  0%| F|  |TAMS 0x0000000085200000, 0x0000000085200000| Untracked 
|  83|0x0000000085300000, 0x0000000085300000, 0x0000000085400000|  0%| F|  |TAMS 0x0000000085300000, 0x0000000085300000| Untracked 
|  84|0x0000000085400000, 0x0000000085400000, 0x0000000085500000|  0%| F|  |TAMS 0x0000000085400000, 0x0000000085400000| Untracked 
|  85|0x0000000085500000, 0x0000000085500000, 0x0000000085600000|  0%| F|  |TAMS 0x0000000085500000, 0x0000000085500000| Untracked 
|  86|0x0000000085600000, 0x0000000085600000, 0x0000000085700000|  0%| F|  |TAMS 0x0000000085600000, 0x0000000085600000| Untracked 
|  87|0x0000000085700000, 0x0000000085700000, 0x0000000085800000|  0%| F|  |TAMS 0x0000000085700000, 0x0000000085700000| Untracked 
|  88|0x0000000085800000, 0x0000000085800000, 0x0000000085900000|  0%| F|  |TAMS 0x0000000085800000, 0x0000000085800000| Untracked 
|  89|0x0000000085900000, 0x0000000085900000, 0x0000000085a00000|  0%| F|  |TAMS 0x0000000085900000, 0x0000000085900000| Untracked 
|  90|0x0000000085a00000, 0x0000000085a00000, 0x0000000085b00000|  0%| F|  |TAMS 0x0000000085a00000, 0x0000000085a00000| Untracked 
|  91|0x0000000085b00000, 0x0000000085b00000, 0x0000000085c00000|  0%| F|  |TAMS 0x0000000085b00000, 0x0000000085b00000| Untracked 
|  92|0x0000000085c00000, 0x0000000085c00000, 0x0000000085d00000|  0%| F|  |TAMS 0x0000000085c00000, 0x0000000085c00000| Untracked 
|  93|0x0000000085d00000, 0x0000000085d00000, 0x0000000085e00000|  0%| F|  |TAMS 0x0000000085d00000, 0x0000000085d00000| Untracked 
|  94|0x0000000085e00000, 0x0000000085e00000, 0x0000000085f00000|  0%| F|  |TAMS 0x0000000085e00000, 0x0000000085e00000| Untracked 
|  95|0x0000000085f00000, 0x0000000085f00000, 0x0000000086000000|  0%| F|  |TAMS 0x0000000085f00000, 0x0000000085f00000| Untracked 
|  96|0x0000000086000000, 0x0000000086000000, 0x0000000086100000|  0%| F|  |TAMS 0x0000000086000000, 0x0000000086000000| Untracked 
|  97|0x0000000086100000, 0x0000000086100000, 0x0000000086200000|  0%| F|  |TAMS 0x0000000086100000, 0x0000000086100000| Untracked 
|  98|0x0000000086200000, 0x0000000086200000, 0x0000000086300000|  0%| F|  |TAMS 0x0000000086200000, 0x0000000086200000| Untracked 
|  99|0x0000000086300000, 0x0000000086300000, 0x0000000086400000|  0%| F|  |TAMS 0x0000000086300000, 0x0000000086300000| Untracked 
| 100|0x0000000086400000, 0x0000000086400000, 0x0000000086500000|  0%| F|  |TAMS 0x0000000086400000, 0x0000000086400000| Untracked 
| 101|0x0000000086500000, 0x0000000086500000, 0x0000000086600000|  0%| F|  |TAMS 0x0000000086500000, 0x0000000086500000| Untracked 
| 102|0x0000000086600000, 0x0000000086600000, 0x0000000086700000|  0%| F|  |TAMS 0x0000000086600000, 0x0000000086600000| Untracked 
| 103|0x0000000086700000, 0x0000000086700000, 0x0000000086800000|  0%| F|  |TAMS 0x0000000086700000, 0x0000000086700000| Untracked 
| 104|0x0000000086800000, 0x0000000086800000, 0x0000000086900000|  0%| F|  |TAMS 0x0000000086800000, 0x0000000086800000| Untracked 
| 105|0x0000000086900000, 0x0000000086900000, 0x0000000086a00000|  0%| F|  |TAMS 0x0000000086900000, 0x0000000086900000| Untracked 
| 106|0x0000000086a00000, 0x0000000086a00000, 0x0000000086b00000|  0%| F|  |TAMS 0x0000000086a00000, 0x0000000086a00000| Untracked 
| 107|0x0000000086b00000, 0x0000000086b00000, 0x0000000086c00000|  0%| F|  |TAMS 0x0000000086b00000, 0x0000000086b00000| Untracked 
| 108|0x0000000086c00000, 0x0000000086c00000, 0x0000000086d00000|  0%| F|  |TAMS 0x0000000086c00000, 0x0000000086c00000| Untracked 
| 109|0x0000000086d00000, 0x0000000086d00000, 0x0000000086e00000|  0%| F|  |TAMS 0x0000000086d00000, 0x0000000086d00000| Untracked 
| 110|0x0000000086e00000, 0x0000000086e27ef0, 0x0000000086f00000| 15%| E|  |TAMS 0x0000000086e00000, 0x0000000086e00000| Complete 
| 111|0x0000000086f00000, 0x0000000087000000, 0x0000000087000000|100%| E|CS|TAMS 0x0000000086f00000, 0x0000000086f00000| Complete 
| 112|0x0000000087000000, 0x0000000087100000, 0x0000000087100000|100%| E|CS|TAMS 0x0000000087000000, 0x0000000087000000| Complete 
| 113|0x0000000087100000, 0x0000000087200000, 0x0000000087200000|100%| E|CS|TAMS 0x0000000087100000, 0x0000000087100000| Complete 
| 114|0x0000000087200000, 0x0000000087300000, 0x0000000087300000|100%| E|CS|TAMS 0x0000000087200000, 0x0000000087200000| Complete 
| 115|0x0000000087300000, 0x0000000087400000, 0x0000000087400000|100%| E|CS|TAMS 0x0000000087300000, 0x0000000087300000| Complete 
| 116|0x0000000087400000, 0x0000000087500000, 0x0000000087500000|100%| E|CS|TAMS 0x0000000087400000, 0x0000000087400000| Complete 
| 117|0x0000000087500000, 0x00000000875bb818, 0x0000000087600000| 73%| S|CS|TAMS 0x0000000087500000, 0x0000000087500000| Complete 
| 118|0x0000000087600000, 0x0000000087700000, 0x0000000087700000|100%| S|CS|TAMS 0x0000000087600000, 0x0000000087600000| Complete 
| 119|0x0000000087700000, 0x0000000087800000, 0x0000000087800000|100%| E|CS|TAMS 0x0000000087700000, 0x0000000087700000| Complete 
| 120|0x0000000087800000, 0x0000000087900000, 0x0000000087900000|100%| E|CS|TAMS 0x0000000087800000, 0x0000000087800000| Complete 
| 121|0x0000000087900000, 0x0000000087a00000, 0x0000000087a00000|100%| E|CS|TAMS 0x0000000087900000, 0x0000000087900000| Complete 
| 122|0x0000000087a00000, 0x0000000087b00000, 0x0000000087b00000|100%| E|CS|TAMS 0x0000000087a00000, 0x0000000087a00000| Complete 
| 123|0x0000000087b00000, 0x0000000087c00000, 0x0000000087c00000|100%| E|CS|TAMS 0x0000000087b00000, 0x0000000087b00000| Complete 
| 124|0x0000000087c00000, 0x0000000087d00000, 0x0000000087d00000|100%| E|CS|TAMS 0x0000000087c00000, 0x0000000087c00000| Complete 
| 125|0x0000000087d00000, 0x0000000087e00000, 0x0000000087e00000|100%| E|CS|TAMS 0x0000000087d00000, 0x0000000087d00000| Complete 
| 126|0x0000000087e00000, 0x0000000087f00000, 0x0000000087f00000|100%| E|CS|TAMS 0x0000000087e00000, 0x0000000087e00000| Complete 
| 127|0x0000000087f00000, 0x0000000088000000, 0x0000000088000000|100%| E|CS|TAMS 0x0000000087f00000, 0x0000000087f00000| Complete 

Card table byte_map: [0x0000020395660000,0x0000020395a60000] _byte_map_base: 0x0000020395260000

Marking Bits (Prev, Next): (CMBitMap*) 0x000002038eff2660, (CMBitMap*) 0x000002038eff26a0
 Prev Bits: [0x0000020395e60000, 0x0000020397e60000)
 Next Bits: [0x0000020397e60000, 0x0000020399e60000)

Polling page: 0x000002038cdc0000

Metaspace:

Usage:
  Non-class:     17.56 MB used.
      Class:      2.30 MB used.
       Both:     19.86 MB used.

Virtual space:
  Non-class space:       24.00 MB reserved,      17.69 MB ( 74%) committed,  3 nodes.
      Class space:        1.00 GB reserved,       2.38 MB ( <1%) committed,  1 nodes.
             Both:        1.02 GB reserved,      20.06 MB (  2%) committed. 

Chunk freelists:
   Non-Class:  2.05 MB
       Class:  1.56 MB
        Both:  3.61 MB

MaxMetaspaceSize: unlimited
CompressedClassSpaceSize: 1.00 GB
Initial GC threshold: 21.00 MB
Current GC threshold: 21.00 MB
CDS: off
MetaspaceReclaimPolicy: balanced
 - commit_granule_bytes: 65536.
 - commit_granule_words: 8192.
 - virtual_space_node_default_size: 1048576.
 - enlarge_chunks_in_place: 1.
 - new_chunks_are_fully_committed: 0.
 - uncommit_free_chunks: 1.
 - use_allocation_guard: 0.
 - handle_deallocations: 1.


Internal statistics:

num_allocs_failed_limit: 0.
num_arena_births: 254.
num_arena_deaths: 0.
num_vsnodes_births: 4.
num_vsnodes_deaths: 0.
num_space_committed: 321.
num_space_uncommitted: 0.
num_chunks_returned_to_freelist: 0.
num_chunks_taken_from_freelist: 597.
num_chunk_merges: 0.
num_chunk_splits: 359.
num_chunks_enlarged: 225.
num_purges: 0.
num_inconsistent_stats: 0.

CodeCache: size=49152Kb used=4441Kb max_used=4441Kb free=44710Kb
 bounds [0x0000020392660000, 0x0000020392ac0000, 0x0000020395660000]
 total_blobs=2312 nmethods=1846 adapters=392
 compilation: enabled
              stopped_count=0, restarted_count=0
 full_count=0

Compilation events (20 events):
Event: 2.098 Thread 0x000002039cc20e60 1833       1       java.util.Arrays::rangeCheck (74 bytes)
Event: 2.098 Thread 0x000002039cc20e60 nmethod 1833 0x0000020392aae890 code [0x0000020392aaeac0, 0x0000020392aaf028]
Event: 2.101 Thread 0x000002039d573000 1834       1       java.lang.invoke.InvokerBytecodeGenerator::isStaticallyNameable (148 bytes)
Event: 2.102 Thread 0x000002039d573000 nmethod 1834 0x0000020392aaf310 code [0x0000020392aaf560, 0x0000020392aafb58]
Event: 2.103 Thread 0x000002039cc20e60 1835       1       java.lang.invoke.LambdaFormEditor$TransformKey::<init> (15 bytes)
Event: 2.103 Thread 0x000002039cc20e60 nmethod 1835 0x0000020392aafe90 code [0x0000020392ab0020, 0x0000020392ab0118]
Event: 2.104 Thread 0x000002039d573000 1837       1       java.lang.invoke.DirectMethodHandle::shouldBeInitialized (127 bytes)
Event: 2.104 Thread 0x000002039d573000 nmethod 1837 0x0000020392ab0490 code [0x0000020392ab06a0, 0x0000020392ab0b18]
Event: 2.105 Thread 0x000002039cc20e60 1838       1       java.util.Arrays::fill (28 bytes)
Event: 2.105 Thread 0x000002039cc20e60 nmethod 1838 0x0000020392ab0d10 code [0x0000020392ab0ec0, 0x0000020392ab10a8]
Event: 2.106 Thread 0x000002039d573000 1841       1       java.lang.invoke.LambdaFormBuffer::indexOf (33 bytes)
Event: 2.106 Thread 0x000002039d573000 nmethod 1841 0x0000020392ab1810 code [0x0000020392ab19c0, 0x0000020392ab1b38]
Event: 2.111 Thread 0x000002039cc20e60 1843       1       jdk.internal.org.objectweb.asm.MethodWriter::computeAllFrames (510 bytes)
Event: 2.112 Thread 0x000002039cc20e60 nmethod 1843 0x0000020392ab1f10 code [0x0000020392ab2180, 0x0000020392ab2ae8]
Event: 2.112 Thread 0x000002039d573000 1844       1       jdk.internal.org.objectweb.asm.Frame::setInputFrameFromDescriptor (175 bytes)
Event: 2.112 Thread 0x000002039cc20e60 1845       1       jdk.internal.org.objectweb.asm.Type::getArgumentTypes (154 bytes)
Event: 2.113 Thread 0x000002039d573000 nmethod 1844 0x0000020392ab3410 code [0x0000020392ab3600, 0x0000020392ab3b58]
Event: 2.113 Thread 0x000002039d573000 1846       1       java.util.LinkedHashMap::get (29 bytes)
Event: 2.114 Thread 0x000002039d573000 nmethod 1846 0x0000020392ab3f10 code [0x0000020392ab40c0, 0x0000020392ab4218]
Event: 2.114 Thread 0x000002039cc20e60 nmethod 1845 0x0000020392ab4310 code [0x0000020392ab45c0, 0x0000020392ab52a8]

GC Heap History (6 events):
Event: 0.893 GC heap before
{Heap before GC invocations=0 (full 0):
 garbage-first heap   total 131072K, used 5120K [0x0000000080000000, 0x0000000100000000)
  region size 1024K, 6 young (6144K), 0 survivors (0K)
 Metaspace       used 10261K, committed 10368K, reserved 1064960K
  class space    used 1007K, committed 1024K, reserved 1048576K
}
Event: 0.924 GC heap after
{Heap after GC invocations=1 (full 0):
 garbage-first heap   total 131072K, used 3019K [0x0000000080000000, 0x0000000100000000)
  region size 1024K, 1 young (1024K), 1 survivors (1024K)
 Metaspace       used 10261K, committed 10368K, reserved 1064960K
  class space    used 1007K, committed 1024K, reserved 1048576K
}
Event: 1.449 GC heap before
{Heap before GC invocations=1 (full 0):
 garbage-first heap   total 131072K, used 8139K [0x0000000080000000, 0x0000000100000000)
  region size 1024K, 6 young (6144K), 1 survivors (1024K)
 Metaspace       used 14045K, committed 14208K, reserved 1064960K
  class space    used 1442K, committed 1536K, reserved 1048576K
}
Event: 1.461 GC heap after
{Heap after GC invocations=2 (full 0):
 garbage-first heap   total 131072K, used 4316K [0x0000000080000000, 0x0000000100000000)
  region size 1024K, 1 young (1024K), 1 survivors (1024K)
 Metaspace       used 14045K, committed 14208K, reserved 1064960K
  class space    used 1442K, committed 1536K, reserved 1048576K
}
Event: 1.741 GC heap before
{Heap before GC invocations=2 (full 0):
 garbage-first heap   total 131072K, used 12508K [0x0000000080000000, 0x0000000100000000)
  region size 1024K, 9 young (9216K), 1 survivors (1024K)
 Metaspace       used 16337K, committed 16512K, reserved 1064960K
  class space    used 1769K, committed 1856K, reserved 1048576K
}
Event: 1.746 GC heap after
{Heap after GC invocations=3 (full 0):
 garbage-first heap   total 131072K, used 5066K [0x0000000080000000, 0x0000000100000000)
  region size 1024K, 2 young (2048K), 2 survivors (2048K)
 Metaspace       used 16337K, committed 16512K, reserved 1064960K
  class space    used 1769K, committed 1856K, reserved 1048576K
}

Deoptimization events (0 events):
No events

Classes unloaded (0 events):
No events

Classes redefined (0 events):
No events

Internal exceptions (20 events):
Event: 1.882 Thread 0x000002038ef933e0 Exception <a 'java/lang/NoSuchMethodError'{0x0000000087ba6de0}: 'java.lang.Object java.lang.invoke.DirectMethodHandle$Holder.invokeSpecial(java.lang.Object, java.lang.Object, java.lang.Object, java.lang.Object, java.lang.Object, java.lang.Object, int)'> (0x0000000087ba6de0) 
thrown [s\src\hotspot\share\interpreter\linkResolver.cpp, line 759]
Event: 1.883 Thread 0x000002038ef933e0 Exception <a 'java/lang/NoSuchMethodError'{0x0000000087bb1340}: 'java.lang.Object java.lang.invoke.DirectMethodHandle$Holder.newInvokeSpecial(java.lang.Object, java.lang.Object, java.lang.Object, java.lang.Object, java.lang.Object, java.lang.Object, int)'> (0x0000000087bb1340) 
thrown [s\src\hotspot\share\interpreter\linkResolver.cpp, line 759]
Event: 1.883 Thread 0x000002038ef933e0 Exception <a 'java/lang/NoSuchMethodError'{0x0000000087bb6380}: 'java.lang.Object java.lang.invoke.DirectMethodHandle$Holder.invokeSpecial(java.lang.Object, java.lang.Object, java.lang.Object, java.lang.Object, java.lang.Object, java.lang.Object, java.lang.Object, int)'> (0x0000000087bb6380) 
thrown [s\src\hotspot\share\interpreter\linkResolver.cpp, line 759]
Event: 1.924 Thread 0x000002038ef933e0 Exception <a 'java/lang/NoSuchMethodError'{0x00000000879278e8}: 'java.lang.Object java.lang.invoke.DirectMethodHandle$Holder.invokeSpecial(java.lang.Object, java.lang.Object, java.lang.Object, int, java.lang.Object)'> (0x00000000879278e8) 
thrown [s\src\hotspot\share\interpreter\linkResolver.cpp, line 759]
Event: 1.925 Thread 0x000002038ef933e0 Exception <a 'java/lang/NoSuchMethodError'{0x000000008792fe58}: 'java.lang.Object java.lang.invoke.DirectMethodHandle$Holder.newInvokeSpecial(java.lang.Object, java.lang.Object, java.lang.Object, int, java.lang.Object)'> (0x000000008792fe58) 
thrown [s\src\hotspot\share\interpreter\linkResolver.cpp, line 759]
Event: 1.927 Thread 0x000002038ef933e0 Exception <a 'java/lang/NoSuchMethodError'{0x000000008794afd0}: 'java.lang.Object java.lang.invoke.DirectMethodHandle$Holder.newInvokeSpecial(java.lang.Object, int, java.lang.Object)'> (0x000000008794afd0) 
thrown [s\src\hotspot\share\interpreter\linkResolver.cpp, line 759]
Event: 1.927 Thread 0x000002038ef933e0 Exception <a 'java/lang/NoSuchMethodError'{0x000000008794efa0}: 'int java.lang.invoke.DirectMethodHandle$Holder.invokeSpecialIFC(java.lang.Object, java.lang.Object, java.lang.Object, java.lang.Object)'> (0x000000008794efa0) 
thrown [s\src\hotspot\share\interpreter\linkResolver.cpp, line 759]
Event: 1.949 Thread 0x000002038ef933e0 Exception <a 'java/lang/NoSuchMethodError'{0x0000000087804348}: 'java.lang.Object java.lang.invoke.DirectMethodHandle$Holder.invokeInterface(java.lang.Object, java.lang.Object)'> (0x0000000087804348) 
thrown [s\src\hotspot\share\interpreter\linkResolver.cpp, line 759]
Event: 1.954 Thread 0x000002038ef933e0 Exception <a 'java/lang/NoSuchMethodError'{0x0000000087814c18}: 'void java.lang.invoke.DirectMethodHandle$Holder.invokeInterface(java.lang.Object, java.lang.Object, java.lang.Object)'> (0x0000000087814c18) 
thrown [s\src\hotspot\share\interpreter\linkResolver.cpp, line 759]
Event: 1.969 Thread 0x000002038ef933e0 Exception <a 'java/lang/NoSuchMethodError'{0x000000008787e178}: 'java.lang.Object java.lang.invoke.DirectMethodHandle$Holder.invokeVirtual(java.lang.Object, java.lang.Object, java.lang.Object)'> (0x000000008787e178) 
thrown [s\src\hotspot\share\interpreter\linkResolver.cpp, line 759]
Event: 1.982 Thread 0x000002038ef933e0 Exception <a 'java/lang/NoSuchMethodError'{0x0000000087717910}: 'void java.lang.invoke.DirectMethodHandle$Holder.invokeStatic(java.lang.Object, java.lang.Object, int)'> (0x0000000087717910) 
thrown [s\src\hotspot\share\interpreter\linkResolver.cpp, line 759]
Event: 1.983 Thread 0x000002038ef933e0 Exception <a 'java/lang/NoSuchMethodError'{0x000000008771f600}: 'void java.lang.invoke.DirectMethodHandle$Holder.invokeStaticInit(java.lang.Object, java.lang.Object)'> (0x000000008771f600) 
thrown [s\src\hotspot\share\interpreter\linkResolver.cpp, line 759]
Event: 1.986 Thread 0x000002038ef933e0 Exception <a 'java/lang/NoSuchMethodError'{0x000000008772b6b0}: 'void java.lang.invoke.DirectMethodHandle$Holder.invokeStaticInit(java.lang.Object, java.lang.Object, java.lang.Object)'> (0x000000008772b6b0) 
thrown [s\src\hotspot\share\interpreter\linkResolver.cpp, line 759]
Event: 2.013 Thread 0x000002039d315b90 Exception <a 'java/lang/reflect/InvocationTargetException'{0x0000000087782360}> (0x0000000087782360) 
thrown [s\src\hotspot\share\runtime\reflection.cpp, line 1121]
Event: 2.023 Thread 0x000002038ef933e0 Exception <a 'java/lang/NoSuchMethodError'{0x000000008777d528}: 'void java.lang.invoke.DirectMethodHandle$Holder.invokeVirtual(java.lang.Object, java.lang.Object, java.lang.Object, java.lang.Object)'> (0x000000008777d528) 
thrown [s\src\hotspot\share\interpreter\linkResolver.cpp, line 759]
Event: 2.054 Thread 0x000002038ef933e0 Exception <a 'java/lang/NoSuchMethodError'{0x00000000874eea98}: 'void java.lang.invoke.DirectMethodHandle$Holder.invokeSpecial(java.lang.Object, java.lang.Object, java.lang.Object)'> (0x00000000874eea98) 
thrown [s\src\hotspot\share\interpreter\linkResolver.cpp, line 759]
Event: 2.054 Thread 0x000002038ef933e0 Exception <a 'java/lang/NoSuchMethodError'{0x00000000874f4fe0}: 'void java.lang.invoke.DirectMethodHandle$Holder.invokeSpecial(java.lang.Object, java.lang.Object, java.lang.Object, java.lang.Object, java.lang.Object)'> (0x00000000874f4fe0) 
thrown [s\src\hotspot\share\interpreter\linkResolver.cpp, line 759]
Event: 2.062 Thread 0x000002039d6e5a40 Exception <a 'java/lang/NoClassDefFoundError'{0x0000000087396570}: javax/validation/Validation> (0x0000000087396570) 
thrown [s\src\hotspot\share\classfile\systemDictionary.cpp, line 245]
Event: 2.091 Thread 0x000002039d6e5a40 Exception <a 'java/lang/NoSuchMethodError'{0x0000000087125a50}: 'java.lang.Object java.lang.invoke.DirectMethodHandle$Holder.invokeStaticInit(java.lang.Object, java.lang.Object, java.lang.Object)'> (0x0000000087125a50) 
thrown [s\src\hotspot\share\interpreter\linkResolver.cpp, line 759]
Event: 2.092 Thread 0x000002039d6e5a40 Exception <a 'java/lang/NoSuchMethodError'{0x000000008712b940}: 'java.lang.Object java.lang.invoke.DirectMethodHandle$Holder.invokeStaticInit(java.lang.Object, java.lang.Object, java.lang.Object, java.lang.Object, java.lang.Object)'> (0x000000008712b940) 
thrown [s\src\hotspot\share\interpreter\linkResolver.cpp, line 759]

VM Operations (20 events):
Event: 0.649 Executing VM operation: HandshakeAllThreads
Event: 0.649 Executing VM operation: HandshakeAllThreads done
Event: 0.706 Executing VM operation: HandshakeAllThreads
Event: 0.706 Executing VM operation: HandshakeAllThreads done
Event: 0.893 Executing VM operation: G1CollectForAllocation
Event: 0.924 Executing VM operation: G1CollectForAllocation done
Event: 1.432 Executing VM operation: G1CollectForAllocation
Event: 1.463 Executing VM operation: G1CollectForAllocation done
Event: 1.481 Executing VM operation: HandshakeAllThreads
Event: 1.482 Executing VM operation: HandshakeAllThreads done
Event: 1.507 Executing VM operation: HandshakeAllThreads
Event: 1.507 Executing VM operation: HandshakeAllThreads done
Event: 1.697 Executing VM operation: HandshakeAllThreads
Event: 1.697 Executing VM operation: HandshakeAllThreads done
Event: 1.741 Executing VM operation: G1CollectForAllocation
Event: 1.746 Executing VM operation: G1CollectForAllocation done
Event: 1.922 Executing VM operation: HandshakeAllThreads
Event: 1.922 Executing VM operation: HandshakeAllThreads done
Event: 2.070 Executing VM operation: HandshakeAllThreads
Event: 2.070 Executing VM operation: HandshakeAllThreads done

Events (20 events):
Event: 2.121 loading class com/sun/org/apache/xalan/internal/utils/FeaturePropertyBase done
Event: 2.121 loading class com/sun/org/apache/xalan/internal/utils/XMLSecurityPropertyManager done
Event: 2.121 loading class com/sun/org/apache/xalan/internal/utils/FeaturePropertyBase$State
Event: 2.121 loading class com/sun/org/apache/xalan/internal/utils/FeaturePropertyBase$State done
Event: 2.121 loading class com/sun/org/apache/xalan/internal/utils/XMLSecurityPropertyManager$Property
Event: 2.121 loading class com/sun/org/apache/xalan/internal/utils/XMLSecurityPropertyManager$Property done
Event: 2.121 loading class jdk/xml/internal/XMLSecurityManager
Event: 2.121 loading class jdk/xml/internal/XMLSecurityManager done
Event: 2.121 loading class jdk/xml/internal/XMLSecurityManager$Limit
Event: 2.122 loading class jdk/xml/internal/XMLSecurityManager$Limit done
Event: 2.122 loading class jdk/xml/internal/XMLSecurityManager$Processor
Event: 2.122 loading class jdk/xml/internal/XMLSecurityManager$Processor done
Event: 2.122 loading class jdk/xml/internal/XMLSecurityManager$NameMap
Event: 2.122 loading class jdk/xml/internal/XMLSecurityManager$NameMap done
Event: 2.122 loading class jdk/xml/internal/JdkProperty
Event: 2.122 loading class jdk/xml/internal/JdkProperty done
Event: 2.124 loading class java/io/NotSerializableException
Event: 2.124 loading class java/io/ObjectStreamException
Event: 2.124 loading class java/io/ObjectStreamException done
Event: 2.124 loading class java/io/NotSerializableException done


Dynamic libraries:
0x00007ff736610000 - 0x00007ff73661e000 	C:\Users\sfjbs\Downloads\node-20220823T055411Z-00100\node\sts-4.15.3.RELEASE\plugins\org.eclipse.justj.openjdk.hotspot.jre.full.win32.x86_64_17.0.4.v20220805-1047\jre\bin\javaw.exe
0x00007ffab65b0000 - 0x00007ffab67a8000 	C:\Windows\SYSTEM32\ntdll.dll
0x00007ffab5200000 - 0x00007ffab52bd000 	C:\Windows\System32\KERNEL32.DLL
0x00007ffab40b0000 - 0x00007ffab437e000 	C:\Windows\System32\KERNELBASE.dll
0x00007ffab3ea0000 - 0x00007ffab3fa0000 	C:\Windows\System32\ucrtbase.dll
0x00007ffaabd40000 - 0x00007ffaabd58000 	C:\Users\sfjbs\Downloads\node-20220823T055411Z-00100\node\sts-4.15.3.RELEASE\plugins\org.eclipse.justj.openjdk.hotspot.jre.full.win32.x86_64_17.0.4.v20220805-1047\jre\bin\jli.dll
0x00007ffab5990000 - 0x00007ffab5b30000 	C:\Windows\System32\USER32.dll
0x00007ffab4380000 - 0x00007ffab43a2000 	C:\Windows\System32\win32u.dll
0x00007ffab4790000 - 0x00007ffab47ba000 	C:\Windows\System32\GDI32.dll
0x00007ffab3fa0000 - 0x00007ffab40ab000 	C:\Windows\System32\gdi32full.dll
0x00007ffab4440000 - 0x00007ffab44dd000 	C:\Windows\System32\msvcp_win.dll
0x00007ffaabe10000 - 0x00007ffaabe29000 	C:\Users\sfjbs\Downloads\node-20220823T055411Z-00100\node\sts-4.15.3.RELEASE\plugins\org.eclipse.justj.openjdk.hotspot.jre.full.win32.x86_64_17.0.4.v20220805-1047\jre\bin\VCRUNTIME140.dll
0x00007ffa9f630000 - 0x00007ffa9f8ca000 	C:\Windows\WinSxS\amd64_microsoft.windows.common-controls_6595b64144ccf1df_6.0.19041.1110_none_60b5254171f9507e\COMCTL32.dll
0x00007ffab4610000 - 0x00007ffab46ae000 	C:\Windows\System32\msvcrt.dll
0x00007ffab52c0000 - 0x00007ffab52f0000 	C:\Windows\System32\IMM32.DLL
0x00007ffa9e740000 - 0x00007ffa9e74c000 	C:\Users\sfjbs\Downloads\node-20220823T055411Z-00100\node\sts-4.15.3.RELEASE\plugins\org.eclipse.justj.openjdk.hotspot.jre.full.win32.x86_64_17.0.4.v20220805-1047\jre\bin\vcruntime140_1.dll
0x00007ffa9e6a0000 - 0x00007ffa9e731000 	C:\Users\sfjbs\Downloads\node-20220823T055411Z-00100\node\sts-4.15.3.RELEASE\plugins\org.eclipse.justj.openjdk.hotspot.jre.full.win32.x86_64_17.0.4.v20220805-1047\jre\bin\msvcp140.dll
0x00007ffa4d990000 - 0x00007ffa4e5d6000 	C:\Users\sfjbs\Downloads\node-20220823T055411Z-00100\node\sts-4.15.3.RELEASE\plugins\org.eclipse.justj.openjdk.hotspot.jre.full.win32.x86_64_17.0.4.v20220805-1047\jre\bin\server\jvm.dll
0x00007ffab52f0000 - 0x00007ffab539e000 	C:\Windows\System32\ADVAPI32.dll
0x00007ffab5ea0000 - 0x00007ffab5f3c000 	C:\Windows\System32\sechost.dll
0x00007ffab5070000 - 0x00007ffab5195000 	C:\Windows\System32\RPCRT4.dll
0x00007ffab64d0000 - 0x00007ffab64d8000 	C:\Windows\System32\PSAPI.DLL
0x00007ffa9f580000 - 0x00007ffa9f589000 	C:\Windows\SYSTEM32\WSOCK32.dll
0x00007ffab53a0000 - 0x00007ffab540b000 	C:\Windows\System32\WS2_32.dll
0x00007ffaa8910000 - 0x00007ffaa8937000 	C:\Windows\SYSTEM32\WINMM.dll
0x00007ffaab5a0000 - 0x00007ffaab5aa000 	C:\Windows\SYSTEM32\VERSION.dll
0x00007ffab1bb0000 - 0x00007ffab1bc2000 	C:\Windows\SYSTEM32\kernel.appcore.dll
0x00007ffa889e0000 - 0x00007ffa889ea000 	C:\Users\sfjbs\Downloads\node-20220823T055411Z-00100\node\sts-4.15.3.RELEASE\plugins\org.eclipse.justj.openjdk.hotspot.jre.full.win32.x86_64_17.0.4.v20220805-1047\jre\bin\jimage.dll
0x00007ffaaeae0000 - 0x00007ffaaecc4000 	C:\Windows\SYSTEM32\DBGHELP.DLL
0x00007ffaae9c0000 - 0x00007ffaae9ec000 	C:\Windows\SYSTEM32\dbgcore.DLL
0x00007ffab43b0000 - 0x00007ffab4432000 	C:\Windows\System32\bcryptPrimitives.dll
0x00007ffa87f20000 - 0x00007ffa87f45000 	C:\Users\sfjbs\Downloads\node-20220823T055411Z-00100\node\sts-4.15.3.RELEASE\plugins\org.eclipse.justj.openjdk.hotspot.jre.full.win32.x86_64_17.0.4.v20220805-1047\jre\bin\java.dll
0x00007ffa87f00000 - 0x00007ffa87f18000 	C:\Users\sfjbs\Downloads\node-20220823T055411Z-00100\node\sts-4.15.3.RELEASE\plugins\org.eclipse.justj.openjdk.hotspot.jre.full.win32.x86_64_17.0.4.v20220805-1047\jre\bin\zip.dll
0x00007ffab4920000 - 0x00007ffab5064000 	C:\Windows\System32\SHELL32.dll
0x00007ffab1db0000 - 0x00007ffab2544000 	C:\Windows\SYSTEM32\windows.storage.dll
0x00007ffab54e0000 - 0x00007ffab5834000 	C:\Windows\System32\combase.dll
0x00007ffab3580000 - 0x00007ffab35b0000 	C:\Windows\SYSTEM32\Wldp.dll
0x00007ffab5d40000 - 0x00007ffab5ded000 	C:\Windows\System32\SHCORE.dll
0x00007ffab5ce0000 - 0x00007ffab5d35000 	C:\Windows\System32\shlwapi.dll
0x00007ffab3c10000 - 0x00007ffab3c2f000 	C:\Windows\SYSTEM32\profapi.dll
0x00007ffa87ee0000 - 0x00007ffa87ef9000 	C:\Users\sfjbs\Downloads\node-20220823T055411Z-00100\node\sts-4.15.3.RELEASE\plugins\org.eclipse.justj.openjdk.hotspot.jre.full.win32.x86_64_17.0.4.v20220805-1047\jre\bin\net.dll
0x00007ffaab0d0000 - 0x00007ffaab1da000 	C:\Windows\SYSTEM32\WINHTTP.dll
0x00007ffab3360000 - 0x00007ffab33ca000 	C:\Windows\system32\mswsock.dll
0x00007ffa87ec0000 - 0x00007ffa87ed5000 	C:\Users\sfjbs\Downloads\node-20220823T055411Z-00100\node\sts-4.15.3.RELEASE\plugins\org.eclipse.justj.openjdk.hotspot.jre.full.win32.x86_64_17.0.4.v20220805-1047\jre\bin\nio.dll
0x00007ffa9e690000 - 0x00007ffa9e699000 	C:\Users\sfjbs\Downloads\node-20220823T055411Z-00100\node\sts-4.15.3.RELEASE\plugins\org.eclipse.justj.openjdk.hotspot.jre.full.win32.x86_64_17.0.4.v20220805-1047\jre\bin\management.dll
0x00007ffa9e680000 - 0x00007ffa9e68b000 	C:\Users\sfjbs\Downloads\node-20220823T055411Z-00100\node\sts-4.15.3.RELEASE\plugins\org.eclipse.justj.openjdk.hotspot.jre.full.win32.x86_64_17.0.4.v20220805-1047\jre\bin\management_ext.dll
0x00007ffaa0b40000 - 0x00007ffaa0b57000 	C:\Windows\system32\napinsp.dll
0x00007ffaa0b20000 - 0x00007ffaa0b3b000 	C:\Windows\system32\pnrpnsp.dll
0x00007ffaa0b00000 - 0x00007ffaa0b15000 	C:\Windows\system32\wshbth.dll
0x00007ffaaea60000 - 0x00007ffaaea7d000 	C:\Windows\system32\NLAapi.dll
0x00007ffab3070000 - 0x00007ffab30ab000 	C:\Windows\SYSTEM32\IPHLPAPI.DLL
0x00007ffab30c0000 - 0x00007ffab318a000 	C:\Windows\SYSTEM32\DNSAPI.dll
0x00007ffab5410000 - 0x00007ffab5418000 	C:\Windows\System32\NSI.dll
0x00007ffaa0ae0000 - 0x00007ffaa0af2000 	C:\Windows\System32\winrnr.dll
0x00007ffaaae10000 - 0x00007ffaaae1a000 	C:\Windows\System32\rasadhlp.dll
0x00007ffaab050000 - 0x00007ffaab0d0000 	C:\Windows\System32\fwpuclnt.dll
0x00007ffab45e0000 - 0x00007ffab4607000 	C:\Windows\System32\bcrypt.dll
0x00007ffab35c0000 - 0x00007ffab35d8000 	C:\Windows\SYSTEM32\CRYPTSP.dll
0x00007ffab2d00000 - 0x00007ffab2d34000 	C:\Windows\system32\rsaenh.dll
0x00007ffab3b90000 - 0x00007ffab3bbe000 	C:\Windows\SYSTEM32\USERENV.dll
0x00007ffab34f0000 - 0x00007ffab34fc000 	C:\Windows\SYSTEM32\CRYPTBASE.dll
0x00007ffaac4b0000 - 0x00007ffaac4c7000 	C:\Windows\SYSTEM32\dhcpcsvc6.DLL
0x00007ffaac3c0000 - 0x00007ffaac3dd000 	C:\Windows\SYSTEM32\dhcpcsvc.DLL
0x00007ffa88940000 - 0x00007ffa88950000 	C:\Users\sfjbs\Downloads\node-20220823T055411Z-00100\node\sts-4.15.3.RELEASE\plugins\org.eclipse.justj.openjdk.hotspot.jre.full.win32.x86_64_17.0.4.v20220805-1047\jre\bin\verify.dll

dbghelp: loaded successfully - version: 4.0.5 - missing functions: none
symbol engine: initialized successfully - sym options: 0x614 - pdb path: .;C:\Users\sfjbs\Downloads\node-20220823T055411Z-00100\node\sts-4.15.3.RELEASE\plugins\org.eclipse.justj.openjdk.hotspot.jre.full.win32.x86_64_17.0.4.v20220805-1047\jre\bin;C:\Windows\SYSTEM32;C:\Windows\WinSxS\amd64_microsoft.windows.common-controls_6595b64144ccf1df_6.0.19041.1110_none_60b5254171f9507e;C:\Users\sfjbs\Downloads\node-20220823T055411Z-00100\node\sts-4.15.3.RELEASE\plugins\org.eclipse.justj.openjdk.hotspot.jre.full.win32.x86_64_17.0.4.v20220805-1047\jre\bin\server

VM Arguments:
jvm_args: -Dcom.sun.management.jmxremote -Dcom.sun.management.jmxremote.port=59502 -Dcom.sun.management.jmxremote.authenticate=false -Dcom.sun.management.jmxremote.ssl=false -Djava.rmi.server.hostname=localhost -Dspring.jmx.enabled=true -Dspring.application.admin.enabled=true -XX:TieredStopAtLevel=1 -Dspring.boot.project.name=SchoolService -Dfile.encoding=UTF-8 -XX:+ShowCodeDetailsInExceptionMessages 
java_command: com.school.app.SchoolServiceApplication --spring.output.ansi.enabled=always
java_class_path (initial): C:\STSProject\SchoolManagment-microservices\SchoolService\target\classes;C:\Users\sfjbs\.m2\repository\org\springframework\boot\spring-boot-starter-web\2.7.3\spring-boot-starter-web-2.7.3.jar;C:\Users\sfjbs\.m2\repository\org\springframework\boot\spring-boot-starter\2.7.3\spring-boot-starter-2.7.3.jar;C:\Users\sfjbs\.m2\repository\org\springframework\boot\spring-boot\2.7.3\spring-boot-2.7.3.jar;C:\Users\sfjbs\.m2\repository\org\springframework\boot\spring-boot-autoconfigure\2.7.3\spring-boot-autoconfigure-2.7.3.jar;C:\Users\sfjbs\.m2\repository\org\springframework\boot\spring-boot-starter-logging\2.7.3\spring-boot-starter-logging-2.7.3.jar;C:\Users\sfjbs\.m2\repository\ch\qos\logback\logback-classic\1.2.11\logback-classic-1.2.11.jar;C:\Users\sfjbs\.m2\repository\ch\qos\logback\logback-core\1.2.11\logback-core-1.2.11.jar;C:\Users\sfjbs\.m2\repository\org\apache\logging\log4j\log4j-to-slf4j\2.17.2\log4j-to-slf4j-2.17.2.jar;C:\Users\sfjbs\.m2\repository\org\apache\logging\log4j\log4j-api\2.17.2\log4j-api-2.17.2.jar;C:\Users\sfjbs\.m2\repository\org\slf4j\jul-to-slf4j\1.7.36\jul-to-slf4j-1.7.36.jar;C:\Users\sfjbs\.m2\repository\jakarta\annotation\jakarta.annotation-api\1.3.5\jakarta.annotation-api-1.3.5.jar;C:\Users\sfjbs\.m2\repository\org\yaml\snakeyaml\1.30\snakeyaml-1.30.jar;C:\Users\sfjbs\.m2\repository\org\springframework\boot\spring-boot-starter-json\2.7.3\spring-boot-starter-json-2.7.3.jar;C:\Users\sfjbs\.m2\repository\com\fasterxml\jackson\core\jackson-databind\2.13.3\jackson-databind-2.13.3.jar;C:\Users\sfjbs\.m2\repository\com\fasterxml\jackson\core\jackson-annotations\2.13.3\jackson-annotations-2.13.3.jar;C:\Users\sfjbs\.m2\repository\com\fasterxml\jackson\core\jackson-core\2.13.3\jackson-core-2.13.3.jar;C:\Users\sfjbs\.m2\repository\com\fasterxml\jackson\datatype\jackson-datatype-jdk8\2.13.3\jackson-datatype-jdk8-2.13.3.jar;C:\Users\sfjbs\.m2\repository\com\fasterxml\jackson\datatype\jackson-datatype-jsr310\2.13.3\jackson-dataty
Launcher Type: SUN_STANDARD

[Global flags]
     intx CICompilerCount                          = 2                                         {product} {ergonomic}
     uint ConcGCThreads                            = 1                                         {product} {ergonomic}
     uint G1ConcRefinementThreads                  = 2                                         {product} {ergonomic}
   size_t G1HeapRegionSize                         = 1048576                                   {product} {ergonomic}
    uintx GCDrainStackTargetSize                   = 64                                        {product} {ergonomic}
   size_t InitialHeapSize                          = 134217728                                 {product} {ergonomic}
     bool ManagementServer                         = true                                      {product} {command line}
   size_t MarkStackSize                            = 4194304                                   {product} {ergonomic}
   size_t MaxHeapSize                              = 2147483648                                {product} {ergonomic}
   size_t MaxNewSize                               = 1287651328                                {product} {ergonomic}
   size_t MinHeapDeltaBytes                        = 1048576                                   {product} {ergonomic}
   size_t MinHeapSize                              = 8388608                                   {product} {ergonomic}
    uintx NonProfiledCodeHeapSize                  = 0                                      {pd product} {ergonomic}
     bool ProfileInterpreter                       = false                                  {pd product} {command line}
    uintx ProfiledCodeHeapSize                     = 0                                      {pd product} {ergonomic}
     bool ShowCodeDetailsInExceptionMessages       = true                                   {manageable} {command line}
   size_t SoftMaxHeapSize                          = 2147483648                             {manageable} {ergonomic}
     intx TieredStopAtLevel                        = 1                                         {product} {command line}
     bool UseCompressedClassPointers               = true                           {product lp64_product} {ergonomic}
     bool UseCompressedOops                        = true                           {product lp64_product} {ergonomic}
     bool UseG1GC                                  = true                                      {product} {ergonomic}
     bool UseLargePagesIndividualAllocation        = false                                  {pd product} {ergonomic}

Logging:
Log output configuration:
 #0: stdout all=warning uptime,level,tags
 #1: stderr all=off uptime,level,tags

Environment Variables:
PATH=C:/Users/sfjbs/Downloads/node-20220823T055411Z-00100/node/sts-4.15.3.RELEASE//plugins/org.eclipse.justj.openjdk.hotspot.jre.full.win32.x86_64_17.0.4.v20220805-1047/jre/bin/server;C:/Users/sfjbs/Downloads/node-20220823T055411Z-00100/node/sts-4.15.3.RELEASE//plugins/org.eclipse.justj.openjdk.hotspot.jre.full.win32.x86_64_17.0.4.v20220805-1047/jre/bin;C:\Program Files\Common Files\Oracle\Java\javapath;C:\Windows\system32;C:\Windows;C:\Windows\System32\Wbem;C:\Windows\System32\WindowsPowerShell\v1.0\;C:\Windows\System32\OpenSSH\;C:\Program Files\nodejs\;C:\Program Files\Docker\Docker\resources\bin;C:\ProgramData\DockerDesktop\version-bin;C:\Program Files\Git\cmd;C:\Users\sfjbs\AppData\Local\Microsoft\WindowsApps;C:\Users\sfjbs\AppData\Local\Programs\Microsoft VS Code\bin;C:\Users\sfjbs\AppData\Roaming\npm;C:\Program Files\MongoDB\Server\5.0\bin;;C:\Users\sfjbs\Downloads\node-20220823T055411Z-00100\node\sts-4.15.3.RELEASE;
USERNAME=sfjbs
OS=Windows_NT
PROCESSOR_IDENTIFIER=Intel64 Family 6 Model 85 Stepping 7, GenuineIntel
TMP=C:\Users\sfjbs\AppData\Local\Temp
TEMP=C:\Users\sfjbs\AppData\Local\Temp



---------------  S Y S T E M  ---------------

OS:
 Windows 10 , 64 bit Build 19041 (10.0.19041.1889)
OS uptime: 0 days 2:59 hours
Hyper-V role detected

CPU: total 2 (initial active 2) (1 cores per cpu, 2 threads per core) family 6 model 85 stepping 7 microcode 0xffffffff, cx8, cmov, fxsr, ht, mmx, 3dnowpref, sse, sse2, sse3, ssse3, sse4.1, sse4.2, popcnt, lzcnt, tsc, avx, avx2, aes, erms, clmul, bmi1, bmi2, rtm, adx, avx512f, avx512dq, avx512cd, avx512bw, avx512vl, fma, vzeroupper, clflush, clflushopt, hv

Memory: 4k page, system-wide physical 8190M (489M free)
TotalPageFile size 10238M (AvailPageFile size 4M)
current process WorkingSet (physical memory assigned to process): 82M, peak: 82M
current process commit charge ("private bytes"): 214M, peak: 214M

vm_info: OpenJDK 64-Bit Server VM (17.0.4+8) for windows-amd64 JRE (17.0.4+8), built on Jul 19 2022 16:05:16 by "temurin" with MS VC++ 16.7 (VS2019)

END.
