#
# There is insufficient memory for the Java Runtime Environment to continue.
# Native memory allocation (mmap) failed to map 12582912 bytes for G1 virtual space
# Possible reasons:
#   The system is out of physical RAM or swap space
#   The process is running with CompressedOops enabled, and the Java Heap may be blocking the growth of the native heap
# Possible solutions:
#   Reduce memory load on the system
#   Increase physical memory or swap space
#   Check if swap backing store is full
#   Decrease Java heap size (-Xmx/-Xms)
#   Decrease number of Java threads
#   Decrease Java thread stack sizes (-Xss)
#   Set larger code cache with -XX:ReservedCodeCacheSize=
#   JVM is running with Unscaled Compressed Oops mode in which the Java heap is
#     placed in the first 4GB address space. The Java Heap base address is the
#     maximum limit for the native heap growth. Please use -XX:HeapBaseMinAddress
#     to set the Java Heap base and to place the Java Heap above 4GB virtual address.
# This output file may be truncated or incomplete.
#
#  Out of Memory Error (os_windows.cpp:3541), pid=13756, tid=13784
#
# JRE version: OpenJDK Runtime Environment Temurin-17.0.4+8 (17.0.4+8) (build 17.0.4+8)
# Java VM: OpenJDK 64-Bit Server VM Temurin-17.0.4+8 (17.0.4+8, mixed mode, tiered, compressed oops, compressed class ptrs, g1 gc, windows-amd64)
# No core dump will be written. Minidumps are not enabled by default on client versions of Windows
#

---------------  S U M M A R Y ------------

Command Line: -Dfile.encoding=UTF-8 -XX:+ShowCodeDetailsInExceptionMessages com.eureka.app.EurekaApplication

Host: Intel(R) Xeon(R) Platinum 8272CL CPU @ 2.60GHz, 2 cores, 7G,  Windows 10 , 64 bit Build 19041 (10.0.19041.1889)
Time: Tue Sep 20 06:17:37 2022 Coordinated Universal Time elapsed time: 12.407185 seconds (0d 0h 0m 12s)

---------------  T H R E A D  ---------------

Current thread (0x000001d33ae0ca70):  VMThread "VM Thread" [stack: 0x0000000c82300000,0x0000000c82400000] [id=13784]

Stack: [0x0000000c82300000,0x0000000c82400000]
Native frames: (J=compiled Java code, j=interpreted, Vv=VM code, C=native code)
V  [jvm.dll+0x67733a]
V  [jvm.dll+0x8323c4]
V  [jvm.dll+0x833b6e]
V  [jvm.dll+0x8341d3]
V  [jvm.dll+0x2455e5]
V  [jvm.dll+0x674229]
V  [jvm.dll+0x668ab2]
V  [jvm.dll+0x30458b]
V  [jvm.dll+0x30bad6]
V  [jvm.dll+0x35ba7e]
V  [jvm.dll+0x35bcaf]
V  [jvm.dll+0x2db428]
V  [jvm.dll+0x2d96dc]
V  [jvm.dll+0x2d8cac]
V  [jvm.dll+0x31cc0b]
V  [jvm.dll+0x83867b]
V  [jvm.dll+0x8393b4]
V  [jvm.dll+0x8398cc]
V  [jvm.dll+0x839ca4]
V  [jvm.dll+0x839d70]
V  [jvm.dll+0x7e245a]
V  [jvm.dll+0x6761c5]
C  [ucrtbase.dll+0x21bb2]
C  [KERNEL32.DLL+0x17034]
C  [ntdll.dll+0x526a1]

VM_Operation (0x0000000c81dfabc0): G1CollectForAllocation, mode: safepoint, requested by thread 0x000001d32198ba80


---------------  P R O C E S S  ---------------

Threads class SMR info:
_java_thread_list=0x000001d33fba8020, length=21, elements={
0x000001d32198ba80, 0x000001d33adf3bb0, 0x000001d33adf48f0, 0x000001d33b81b4d0,
0x000001d33b81c080, 0x000001d33b81ea40, 0x000001d33b81f3f0, 0x000001d33b820180,
0x000001d33b86d8e0, 0x000001d33ae4e5e0, 0x000001d33b97d350, 0x000001d33b98ff60,
0x000001d33f533590, 0x000001d33f532bf0, 0x000001d33f534da0, 0x000001d33f535740,
0x000001d33f5360e0, 0x000001d33f535c10, 0x000001d33f535270, 0x000001d33f5365b0,
0x000001d33f533a60
}

Java Threads: ( => current thread )
  0x000001d32198ba80 JavaThread "main" [_thread_blocked, id=13376, stack(0x0000000c81d00000,0x0000000c81e00000)]
  0x000001d33adf3bb0 JavaThread "Reference Handler" daemon [_thread_blocked, id=8700, stack(0x0000000c82400000,0x0000000c82500000)]
  0x000001d33adf48f0 JavaThread "Finalizer" daemon [_thread_blocked, id=3256, stack(0x0000000c82500000,0x0000000c82600000)]
  0x000001d33b81b4d0 JavaThread "Signal Dispatcher" daemon [_thread_blocked, id=4796, stack(0x0000000c82600000,0x0000000c82700000)]
  0x000001d33b81c080 JavaThread "Attach Listener" daemon [_thread_blocked, id=6172, stack(0x0000000c82700000,0x0000000c82800000)]
  0x000001d33b81ea40 JavaThread "Service Thread" daemon [_thread_blocked, id=12104, stack(0x0000000c82800000,0x0000000c82900000)]
  0x000001d33b81f3f0 JavaThread "Monitor Deflation Thread" daemon [_thread_blocked, id=3384, stack(0x0000000c82900000,0x0000000c82a00000)]
  0x000001d33b820180 JavaThread "C2 CompilerThread0" daemon [_thread_blocked, id=6356, stack(0x0000000c82a00000,0x0000000c82b00000)]
  0x000001d33b86d8e0 JavaThread "C1 CompilerThread0" daemon [_thread_blocked, id=8656, stack(0x0000000c82b00000,0x0000000c82c00000)]
  0x000001d33ae4e5e0 JavaThread "Sweeper thread" daemon [_thread_blocked, id=13072, stack(0x0000000c82c00000,0x0000000c82d00000)]
  0x000001d33b97d350 JavaThread "Notification Thread" daemon [_thread_blocked, id=10100, stack(0x0000000c82d00000,0x0000000c82e00000)]
  0x000001d33b98ff60 JavaThread "Common-Cleaner" daemon [_thread_blocked, id=13888, stack(0x0000000c82f00000,0x0000000c83000000)]
  0x000001d33f533590 JavaThread "Catalina-utility-1" [_thread_blocked, id=6340, stack(0x0000000c83100000,0x0000000c83200000)]
  0x000001d33f532bf0 JavaThread "Catalina-utility-2" [_thread_blocked, id=12148, stack(0x0000000c83200000,0x0000000c83300000)]
  0x000001d33f534da0 JavaThread "container-0" [_thread_blocked, id=13336, stack(0x0000000c83300000,0x0000000c83400000)]
  0x000001d33f535740 JavaThread "spring.cloud.inetutils" daemon [_thread_blocked, id=13928, stack(0x0000000c83400000,0x0000000c83500000)]
  0x000001d33f5360e0 JavaThread "Eureka-DeltaRetentionTimer" daemon [_thread_blocked, id=3984, stack(0x0000000c83500000,0x0000000c83600000)]
  0x000001d33f535c10 JavaThread "Eureka-EvictionTimer" daemon [_thread_blocked, id=4108, stack(0x0000000c83600000,0x0000000c83700000)]
  0x000001d33f535270 JavaThread "Eureka-MeasureRateTimer" daemon [_thread_blocked, id=12976, stack(0x0000000c83700000,0x0000000c83800000)]
  0x000001d33f5365b0 JavaThread "ReplicaAwareInstanceRegistry - RenewalThresholdUpdater" daemon [_thread_blocked, id=5176, stack(0x0000000c83800000,0x0000000c83900000)]
  0x000001d33f533a60 JavaThread "Eureka-MeasureRateTimer" daemon [_thread_blocked, id=13528, stack(0x0000000c83900000,0x0000000c83a00000)]

Other Threads:
=>0x000001d33ae0ca70 VMThread "VM Thread" [stack: 0x0000000c82300000,0x0000000c82400000] [id=13784]
  0x000001d33b97f830 WatcherThread [stack: 0x0000000c82e00000,0x0000000c82f00000] [id=10156]
  0x000001d3219e8560 GCTaskThread "GC Thread#0" [stack: 0x0000000c81e00000,0x0000000c81f00000] [id=3284]
  0x000001d33bbfe640 GCTaskThread "GC Thread#1" [stack: 0x0000000c83000000,0x0000000c83100000] [id=14324]
  0x000001d3219fb050 ConcurrentGCThread "G1 Main Marker" [stack: 0x0000000c81f00000,0x0000000c82000000] [id=1716]
  0x000001d3219fba60 ConcurrentGCThread "G1 Conc#0" [stack: 0x0000000c82000000,0x0000000c82100000] [id=7728]
  0x000001d33ac60090 ConcurrentGCThread "G1 Refine#0" [stack: 0x0000000c82100000,0x0000000c82200000] [id=9504]
  0x000001d33ac60bf0 ConcurrentGCThread "G1 Service" [stack: 0x0000000c82200000,0x0000000c82300000] [id=13988]

Threads with active compile tasks:
C2 CompilerThread0    12431 5308       4       java.lang.StringBuilder::append (6 bytes)

VM state: at safepoint (normal execution)

VM Mutex/Monitor currently owned by a thread:  ([mutex/lock_event])
[0x000001d321986cd0] Threads_lock - owner thread: 0x000001d33ae0ca70
[0x000001d321986df0] Heap_lock - owner thread: 0x000001d32198ba80

Heap address: 0x0000000080000000, size: 2048 MB, Compressed Oops mode: 32-bit

CDS archive(s) not mapped
Compressed class space mapped at: 0x0000000100000000-0x0000000140000000, reserved size: 1073741824
Narrow klass base: 0x0000000000000000, Narrow klass shift: 3, Narrow klass range: 0x140000000

GC Precious Log:
 CPUs: 2 total, 2 available
 Memory: 8190M
 Large Page Support: Disabled
 NUMA Support: Disabled
 Compressed Oops: Enabled (32-bit)
 Heap Region Size: 1M
 Heap Min Capacity: 8M
 Heap Initial Capacity: 128M
 Heap Max Capacity: 2G
 Pre-touch: Disabled
 Parallel Workers: 2
 Concurrent Workers: 1
 Concurrent Refinement Workers: 2
 Periodic GC: Disabled

Heap:
 garbage-first heap   total 58368K, used 28092K [0x0000000080000000, 0x0000000100000000)
  region size 1024K, 3 young (3072K), 3 survivors (3072K)
 Metaspace       used 55805K, committed 56128K, reserved 1105920K
  class space    used 6901K, committed 7040K, reserved 1048576K

Heap Regions: E=young(eden), S=young(survivor), O=old, HS=humongous(starts), HC=humongous(continues), CS=collection set, F=free, OA=open archive, CA=closed archive, TAMS=top-at-mark-start (previous, next)
|   0|0x0000000080000000, 0x0000000080100000, 0x0000000080100000|100%| O|  |TAMS 0x0000000080100000, 0x0000000080000000| Untracked 
|   1|0x0000000080100000, 0x0000000080200000, 0x0000000080200000|100%| O|  |TAMS 0x0000000080200000, 0x0000000080100000| Untracked 
|   2|0x0000000080200000, 0x0000000080300000, 0x0000000080300000|100%| O|  |TAMS 0x0000000080300000, 0x0000000080200000| Untracked 
|   3|0x0000000080300000, 0x0000000080400000, 0x0000000080400000|100%| O|  |TAMS 0x0000000080400000, 0x0000000080300000| Untracked 
|   4|0x0000000080400000, 0x0000000080500000, 0x0000000080500000|100%| O|  |TAMS 0x0000000080500000, 0x0000000080400000| Untracked 
|   5|0x0000000080500000, 0x0000000080600000, 0x0000000080600000|100%| O|  |TAMS 0x0000000080500000, 0x0000000080500000| Untracked 
|   6|0x0000000080600000, 0x0000000080700000, 0x0000000080700000|100%| O|  |TAMS 0x0000000080700000, 0x0000000080600000| Untracked 
|   7|0x0000000080700000, 0x0000000080800000, 0x0000000080800000|100%| O|  |TAMS 0x0000000080800000, 0x0000000080700000| Untracked 
|   8|0x0000000080800000, 0x0000000080900000, 0x0000000080900000|100%| O|  |TAMS 0x0000000080900000, 0x0000000080800000| Untracked 
|   9|0x0000000080900000, 0x0000000080a00000, 0x0000000080a00000|100%| O|  |TAMS 0x0000000080a00000, 0x0000000080900000| Untracked 
|  10|0x0000000080a00000, 0x0000000080b00000, 0x0000000080b00000|100%| O|  |TAMS 0x0000000080a5ea00, 0x0000000080a00000| Untracked 
|  11|0x0000000080b00000, 0x0000000080c00000, 0x0000000080c00000|100%| O|  |TAMS 0x0000000080b00000, 0x0000000080b00000| Untracked 
|  12|0x0000000080c00000, 0x0000000080d00000, 0x0000000080d00000|100%| O|  |TAMS 0x0000000080c00000, 0x0000000080c00000| Untracked 
|  13|0x0000000080d00000, 0x0000000080e00000, 0x0000000080e00000|100%| O|  |TAMS 0x0000000080d00000, 0x0000000080d00000| Untracked 
|  14|0x0000000080e00000, 0x0000000080e2ca00, 0x0000000080f00000| 17%| O|  |TAMS 0x0000000080e00000, 0x0000000080e00000| Untracked 
|  15|0x0000000080f00000, 0x0000000081000000, 0x0000000081000000|100%| O|  |TAMS 0x0000000080f00000, 0x0000000080f00000| Untracked 
|  16|0x0000000081000000, 0x0000000081100000, 0x0000000081100000|100%| O|  |TAMS 0x0000000081000000, 0x0000000081000000| Untracked 
|  17|0x0000000081100000, 0x0000000081200000, 0x0000000081200000|100%| O|  |TAMS 0x0000000081100000, 0x0000000081100000| Untracked 
|  18|0x0000000081200000, 0x0000000081300000, 0x0000000081300000|100%| O|  |TAMS 0x0000000081200000, 0x0000000081200000| Untracked 
|  19|0x0000000081300000, 0x0000000081400000, 0x0000000081400000|100%| O|  |TAMS 0x0000000081300000, 0x0000000081300000| Untracked 
|  20|0x0000000081400000, 0x0000000081500000, 0x0000000081500000|100%| O|  |TAMS 0x0000000081400000, 0x0000000081400000| Untracked 
|  21|0x0000000081500000, 0x0000000081600000, 0x0000000081600000|100%| O|  |TAMS 0x0000000081500000, 0x0000000081500000| Untracked 
|  22|0x0000000081600000, 0x0000000081700000, 0x0000000081700000|100%| O|  |TAMS 0x0000000081600000, 0x0000000081600000| Untracked 
|  23|0x0000000081700000, 0x0000000081800000, 0x0000000081800000|100%| O|  |TAMS 0x0000000081700000, 0x0000000081700000| Untracked 
|  24|0x0000000081800000, 0x0000000081900000, 0x0000000081900000|100%| O|  |TAMS 0x0000000081800000, 0x0000000081800000| Untracked 
|  25|0x0000000081900000, 0x0000000081973800, 0x0000000081a00000| 45%| O|  |TAMS 0x0000000081900000, 0x0000000081900000| Untracked 
|  26|0x0000000081a00000, 0x0000000081a00000, 0x0000000081b00000|  0%| F|  |TAMS 0x0000000081a00000, 0x0000000081a00000| Untracked 
|  27|0x0000000081b00000, 0x0000000081b00000, 0x0000000081c00000|  0%| F|  |TAMS 0x0000000081b00000, 0x0000000081b00000| Untracked 
|  28|0x0000000081c00000, 0x0000000081c00000, 0x0000000081d00000|  0%| F|  |TAMS 0x0000000081c00000, 0x0000000081c00000| Untracked 
|  29|0x0000000081d00000, 0x0000000081d00000, 0x0000000081e00000|  0%| F|  |TAMS 0x0000000081d00000, 0x0000000081d00000| Untracked 
|  30|0x0000000081e00000, 0x0000000081e00000, 0x0000000081f00000|  0%| F|  |TAMS 0x0000000081e00000, 0x0000000081e00000| Untracked 
|  31|0x0000000081f00000, 0x0000000081f00000, 0x0000000082000000|  0%| F|  |TAMS 0x0000000081f00000, 0x0000000081f00000| Untracked 
|  32|0x0000000082000000, 0x00000000820ceee0, 0x0000000082100000| 80%| S|CS|TAMS 0x0000000082000000, 0x0000000082000000| Complete 
|  33|0x0000000082100000, 0x0000000082100000, 0x0000000082200000|  0%| F|  |TAMS 0x0000000082100000, 0x0000000082100000| Untracked 
|  34|0x0000000082200000, 0x0000000082200000, 0x0000000082300000|  0%| F|  |TAMS 0x0000000082200000, 0x0000000082200000| Untracked 
|  35|0x0000000082300000, 0x0000000082300000, 0x0000000082400000|  0%| F|  |TAMS 0x0000000082300000, 0x0000000082300000| Untracked 
|  36|0x0000000082400000, 0x0000000082500000, 0x0000000082500000|100%| S|CS|TAMS 0x0000000082400000, 0x0000000082400000| Complete 
|  37|0x0000000082500000, 0x0000000082600000, 0x0000000082600000|100%| S|CS|TAMS 0x0000000082500000, 0x0000000082500000| Complete 
|  38|0x0000000082600000, 0x0000000082600000, 0x0000000082700000|  0%| F|  |TAMS 0x0000000082600000, 0x0000000082600000| Untracked 
|  39|0x0000000082700000, 0x0000000082700000, 0x0000000082800000|  0%| F|  |TAMS 0x0000000082700000, 0x0000000082700000| Untracked 
|  40|0x0000000082800000, 0x0000000082800000, 0x0000000082900000|  0%| F|  |TAMS 0x0000000082800000, 0x0000000082800000| Untracked 
|  41|0x0000000082900000, 0x0000000082900000, 0x0000000082a00000|  0%| F|  |TAMS 0x0000000082900000, 0x0000000082900000| Untracked 
|  42|0x0000000082a00000, 0x0000000082a00000, 0x0000000082b00000|  0%| F|  |TAMS 0x0000000082a00000, 0x0000000082a00000| Untracked 
|  43|0x0000000082b00000, 0x0000000082b00000, 0x0000000082c00000|  0%| F|  |TAMS 0x0000000082b00000, 0x0000000082b00000| Untracked 
|  44|0x0000000082c00000, 0x0000000082c00000, 0x0000000082d00000|  0%| F|  |TAMS 0x0000000082c00000, 0x0000000082c00000| Untracked 
|  45|0x0000000082d00000, 0x0000000082d00000, 0x0000000082e00000|  0%| F|  |TAMS 0x0000000082d00000, 0x0000000082d00000| Untracked 
|  46|0x0000000082e00000, 0x0000000082e00000, 0x0000000082f00000|  0%| F|  |TAMS 0x0000000082e00000, 0x0000000082e00000| Untracked 
|  47|0x0000000082f00000, 0x0000000082f00000, 0x0000000083000000|  0%| F|  |TAMS 0x0000000082f00000, 0x0000000082f00000| Untracked 
|  48|0x0000000083000000, 0x0000000083000000, 0x0000000083100000|  0%| F|  |TAMS 0x0000000083000000, 0x0000000083000000| Untracked 
|  49|0x0000000083100000, 0x0000000083100000, 0x0000000083200000|  0%| F|  |TAMS 0x0000000083100000, 0x0000000083100000| Untracked 
|  50|0x0000000083200000, 0x0000000083200000, 0x0000000083300000|  0%| F|  |TAMS 0x0000000083200000, 0x0000000083200000| Untracked 
|  51|0x0000000083300000, 0x0000000083300000, 0x0000000083400000|  0%| F|  |TAMS 0x0000000083300000, 0x0000000083300000| Untracked 
|  52|0x0000000083400000, 0x0000000083400000, 0x0000000083500000|  0%| F|  |TAMS 0x0000000083400000, 0x0000000083400000| Untracked 
|  53|0x0000000083500000, 0x0000000083500000, 0x0000000083600000|  0%| F|  |TAMS 0x0000000083500000, 0x0000000083500000| Untracked 
|  54|0x0000000083600000, 0x0000000083600000, 0x0000000083700000|  0%| F|  |TAMS 0x0000000083600000, 0x0000000083600000| Untracked 
|  55|0x0000000083700000, 0x0000000083700000, 0x0000000083800000|  0%| F|  |TAMS 0x0000000083700000, 0x0000000083700000| Untracked 
| 106|0x0000000086a00000, 0x0000000086a00000, 0x0000000086b00000|  0%| F|  |TAMS 0x0000000086a00000, 0x0000000086a00000| Untracked 

Card table byte_map: [0x000001d334450000,0x000001d334850000] _byte_map_base: 0x000001d334050000

Marking Bits (Prev, Next): (CMBitMap*) 0x000001d3219e9f80, (CMBitMap*) 0x000001d3219e9fc0
 Prev Bits: [0x000001d334c50000, 0x000001d336c50000)
 Next Bits: [0x000001d336c50000, 0x000001d338c50000)

Polling page: 0x000001d321160000

Metaspace:

Usage:
  Non-class:     47.76 MB used.
      Class:      6.74 MB used.
       Both:     54.50 MB used.

Virtual space:
  Non-class space:       56.00 MB reserved,      47.94 MB ( 86%) committed,  7 nodes.
      Class space:        1.00 GB reserved,       6.88 MB ( <1%) committed,  1 nodes.
             Both:        1.05 GB reserved,      54.81 MB (  5%) committed. 

Chunk freelists:
   Non-Class:  3.88 MB
       Class:  1.12 MB
        Both:  5.00 MB

MaxMetaspaceSize: unlimited
CompressedClassSpaceSize: 1.00 GB
Initial GC threshold: 21.00 MB
Current GC threshold: 58.69 MB
CDS: off
MetaspaceReclaimPolicy: balanced
 - commit_granule_bytes: 65536.
 - commit_granule_words: 8192.
 - virtual_space_node_default_size: 1048576.
 - enlarge_chunks_in_place: 1.
 - new_chunks_are_fully_committed: 0.
 - uncommit_free_chunks: 1.
 - use_allocation_guard: 0.
 - handle_deallocations: 1.


Internal statistics:

num_allocs_failed_limit: 8.
num_arena_births: 474.
num_arena_deaths: 0.
num_vsnodes_births: 8.
num_vsnodes_deaths: 0.
num_space_committed: 877.
num_space_uncommitted: 0.
num_chunks_returned_to_freelist: 8.
num_chunks_taken_from_freelist: 2096.
num_chunk_merges: 5.
num_chunk_splits: 1431.
num_chunks_enlarged: 1079.
num_purges: 0.
num_inconsistent_stats: 0.

CodeHeap 'non-profiled nmethods': size=120064Kb used=2081Kb max_used=2471Kb free=117982Kb
 bounds [0x000001d32cb10000, 0x000001d32cd80000, 0x000001d334050000]
CodeHeap 'profiled nmethods': size=120000Kb used=9160Kb max_used=10744Kb free=110839Kb
 bounds [0x000001d3255e0000, 0x000001d326060000, 0x000001d32cb10000]
CodeHeap 'non-nmethods': size=5696Kb used=1262Kb max_used=1320Kb free=4433Kb
 bounds [0x000001d325050000, 0x000001d3252c0000, 0x000001d3255e0000]
 total_blobs=5086 nmethods=4524 adapters=473
 compilation: enabled
              stopped_count=0, restarted_count=0
 full_count=0

Compilation events (20 events):
Event: 12.366 Thread 0x000001d33b820180 nmethod 5295 0x000001d32cd0c310 code [0x000001d32cd0c4a0, 0x000001d32cd0c598]
Event: 12.366 Thread 0x000001d33b820180 5297       4       java.lang.reflect.Method::isBridge (16 bytes)
Event: 12.366 Thread 0x000001d33b820180 nmethod 5297 0x000001d32cd4d490 code [0x000001d32cd4d600, 0x000001d32cd4d698]
Event: 12.366 Thread 0x000001d33b820180 5279       4       java.lang.Character::isHighSurrogate (18 bytes)
Event: 12.367 Thread 0x000001d33b820180 nmethod 5279 0x000001d32cd53390 code [0x000001d32cd53500, 0x000001d32cd53578]
Event: 12.367 Thread 0x000001d33b820180 5287       4       java.lang.ref.Cleaner::register (25 bytes)
Event: 12.369 Thread 0x000001d33b86d8e0 5310       3       java.lang.Class$$Lambda$298/0x000000010024e990::apply (8 bytes)
Event: 12.369 Thread 0x000001d33b86d8e0 nmethod 5310 0x000001d325c02290 code [0x000001d325c02460, 0x000001d325c027e8]
Event: 12.382 Thread 0x000001d33b86d8e0 5312       1       java.lang.reflect.Constructor::getSignature (5 bytes)
Event: 12.382 Thread 0x000001d33b86d8e0 nmethod 5312 0x000001d32cd53090 code [0x000001d32cd53220, 0x000001d32cd532f8]
Event: 12.382 Thread 0x000001d33b820180 nmethod 5287 0x000001d32cc37b10 code [0x000001d32cc37cc0, 0x000001d32cc388f8]
Event: 12.382 Thread 0x000001d33b820180 5309       4       java.lang.Class::getMethod0 (31 bytes)
Event: 12.384 Thread 0x000001d33b86d8e0 5313       3       com.sun.jersey.core.spi.factory.ContextResolverFactory$1::getScope (4 bytes)
Event: 12.384 Thread 0x000001d33b86d8e0 nmethod 5313 0x000001d325c39810 code [0x000001d325c399a0, 0x000001d325c39ab8]
Event: 12.385 Thread 0x000001d33b86d8e0 5314       3       java.lang.reflect.Executable::sharedGetParameterAnnotations (96 bytes)
Event: 12.385 Thread 0x000001d33b86d8e0 nmethod 5314 0x000001d325ca3290 code [0x000001d325ca3520, 0x000001d325ca4218]
Event: 12.386 Thread 0x000001d33b820180 nmethod 5309 0x000001d32cd52b10 code [0x000001d32cd52ca0, 0x000001d32cd52ea8]
Event: 12.386 Thread 0x000001d33b820180 5311       4       java.util.stream.ReduceOps$3ReducingSink::accept (15 bytes)
Event: 12.386 Thread 0x000001d33b820180 nmethod 5311 0x000001d32cd52690 code [0x000001d32cd52800, 0x000001d32cd528b8]
Event: 12.386 Thread 0x000001d33b820180 5308       4       java.lang.StringBuilder::append (6 bytes)

GC Heap History (20 events):
Event: 3.462 GC heap after
{Heap after GC invocations=7 (full 0):
 garbage-first heap   total 34816K, used 9964K [0x0000000080000000, 0x0000000100000000)
  region size 1024K, 3 young (3072K), 3 survivors (3072K)
 Metaspace       used 25322K, committed 25472K, reserved 1073152K
  class space    used 2819K, committed 2880K, reserved 1048576K
}
Event: 3.485 GC heap before
{Heap before GC invocations=7 (full 0):
 garbage-first heap   total 34816K, used 10988K [0x0000000080000000, 0x0000000100000000)
  region size 1024K, 4 young (4096K), 3 survivors (3072K)
 Metaspace       used 25515K, committed 25664K, reserved 1073152K
  class space    used 2833K, committed 2880K, reserved 1048576K
}
Event: 3.492 GC heap after
{Heap after GC invocations=8 (full 0):
 garbage-first heap   total 34816K, used 9997K [0x0000000080000000, 0x0000000100000000)
  region size 1024K, 1 young (1024K), 1 survivors (1024K)
 Metaspace       used 25515K, committed 25664K, reserved 1073152K
  class space    used 2833K, committed 2880K, reserved 1048576K
}
Event: 4.095 GC heap before
{Heap before GC invocations=8 (full 0):
 garbage-first heap   total 34816K, used 22285K [0x0000000080000000, 0x0000000100000000)
  region size 1024K, 14 young (14336K), 1 survivors (1024K)
 Metaspace       used 27052K, committed 27392K, reserved 1073152K
  class space    used 2975K, committed 3136K, reserved 1048576K
}
Event: 4.100 GC heap after
{Heap after GC invocations=9 (full 0):
 garbage-first heap   total 61440K, used 11078K [0x0000000080000000, 0x0000000100000000)
  region size 1024K, 2 young (2048K), 2 survivors (2048K)
 Metaspace       used 27052K, committed 27392K, reserved 1073152K
  class space    used 2975K, committed 3136K, reserved 1048576K
}
Event: 5.707 GC heap before
{Heap before GC invocations=9 (full 0):
 garbage-first heap   total 61440K, used 44870K [0x0000000080000000, 0x0000000100000000)
  region size 1024K, 35 young (35840K), 2 survivors (2048K)
 Metaspace       used 30268K, committed 30592K, reserved 1081344K
  class space    used 3397K, committed 3520K, reserved 1048576K
}
Event: 5.719 GC heap after
{Heap after GC invocations=10 (full 0):
 garbage-first heap   total 61440K, used 13814K [0x0000000080000000, 0x0000000100000000)
  region size 1024K, 5 young (5120K), 5 survivors (5120K)
 Metaspace       used 30268K, committed 30592K, reserved 1081344K
  class space    used 3397K, committed 3520K, reserved 1048576K
}
Event: 6.886 GC heap before
{Heap before GC invocations=10 (full 0):
 garbage-first heap   total 61440K, used 42486K [0x0000000080000000, 0x0000000100000000)
  region size 1024K, 33 young (33792K), 5 survivors (5120K)
 Metaspace       used 35688K, committed 35968K, reserved 1081344K
  class space    used 4084K, committed 4224K, reserved 1048576K
}
Event: 6.911 GC heap after
{Heap after GC invocations=11 (full 0):
 garbage-first heap   total 61440K, used 16211K [0x0000000080000000, 0x0000000100000000)
  region size 1024K, 3 young (3072K), 3 survivors (3072K)
 Metaspace       used 35688K, committed 35968K, reserved 1081344K
  class space    used 4084K, committed 4224K, reserved 1048576K
}
Event: 8.025 GC heap before
{Heap before GC invocations=12 (full 0):
 garbage-first heap   total 58368K, used 44883K [0x0000000080000000, 0x0000000100000000)
  region size 1024K, 31 young (31744K), 3 survivors (3072K)
 Metaspace       used 38452K, committed 38784K, reserved 1089536K
  class space    used 4475K, committed 4672K, reserved 1048576K
}
Event: 8.038 GC heap after
{Heap after GC invocations=13 (full 0):
 garbage-first heap   total 58368K, used 18152K [0x0000000080000000, 0x0000000100000000)
  region size 1024K, 2 young (2048K), 2 survivors (2048K)
 Metaspace       used 38452K, committed 38784K, reserved 1089536K
  class space    used 4475K, committed 4672K, reserved 1048576K
}
Event: 8.825 GC heap before
{Heap before GC invocations=13 (full 0):
 garbage-first heap   total 58368K, used 42728K [0x0000000080000000, 0x0000000100000000)
  region size 1024K, 27 young (27648K), 2 survivors (2048K)
 Metaspace       used 41923K, committed 42304K, reserved 1089536K
  class space    used 4930K, committed 5120K, reserved 1048576K
}
Event: 8.839 GC heap after
{Heap after GC invocations=14 (full 0):
 garbage-first heap   total 58368K, used 20190K [0x0000000080000000, 0x0000000100000000)
  region size 1024K, 4 young (4096K), 4 survivors (4096K)
 Metaspace       used 41923K, committed 42304K, reserved 1089536K
  class space    used 4930K, committed 5120K, reserved 1048576K
}
Event: 9.464 GC heap before
{Heap before GC invocations=14 (full 0):
 garbage-first heap   total 58368K, used 43742K [0x0000000080000000, 0x0000000100000000)
  region size 1024K, 27 young (27648K), 4 survivors (4096K)
 Metaspace       used 44847K, committed 45248K, reserved 1089536K
  class space    used 5373K, committed 5568K, reserved 1048576K
}
Event: 9.476 GC heap after
{Heap after GC invocations=15 (full 0):
 garbage-first heap   total 58368K, used 20874K [0x0000000080000000, 0x0000000100000000)
  region size 1024K, 1 young (1024K), 1 survivors (1024K)
 Metaspace       used 44847K, committed 45248K, reserved 1089536K
  class space    used 5373K, committed 5568K, reserved 1048576K
}
Event: 10.555 GC heap before
{Heap before GC invocations=15 (full 0):
 garbage-first heap   total 58368K, used 44426K [0x0000000080000000, 0x0000000100000000)
  region size 1024K, 24 young (24576K), 1 survivors (1024K)
 Metaspace       used 48760K, committed 49152K, reserved 1097728K
  class space    used 5998K, committed 6208K, reserved 1048576K
}
Event: 10.565 GC heap after
{Heap after GC invocations=16 (full 0):
 garbage-first heap   total 58368K, used 22964K [0x0000000080000000, 0x0000000100000000)
  region size 1024K, 3 young (3072K), 3 survivors (3072K)
 Metaspace       used 48760K, committed 49152K, reserved 1097728K
  class space    used 5998K, committed 6208K, reserved 1048576K
}
Event: 11.637 GC heap before
{Heap before GC invocations=16 (full 0):
 garbage-first heap   total 58368K, used 44468K [0x0000000080000000, 0x0000000100000000)
  region size 1024K, 24 young (24576K), 3 survivors (3072K)
 Metaspace       used 51920K, committed 52288K, reserved 1097728K
  class space    used 6447K, committed 6592K, reserved 1048576K
}
Event: 11.652 GC heap after
{Heap after GC invocations=17 (full 0):
 garbage-first heap   total 58368K, used 25205K [0x0000000080000000, 0x0000000100000000)
  region size 1024K, 3 young (3072K), 3 survivors (3072K)
 Metaspace       used 51920K, committed 52288K, reserved 1097728K
  class space    used 6447K, committed 6592K, reserved 1048576K
}
Event: 12.391 GC heap before
{Heap before GC invocations=17 (full 0):
 garbage-first heap   total 58368K, used 44661K [0x0000000080000000, 0x0000000100000000)
  region size 1024K, 22 young (22528K), 3 survivors (3072K)
 Metaspace       used 55805K, committed 56128K, reserved 1105920K
  class space    used 6901K, committed 7040K, reserved 1048576K
}

Deoptimization events (20 events):
Event: 12.077 Thread 0x000001d32198ba80 DEOPT PACKING pc=0x000001d32cbb15f4 sp=0x0000000c81dfb6d0
Event: 12.077 Thread 0x000001d32198ba80 DEOPT UNPACKING pc=0x000001d3250a5c23 sp=0x0000000c81dfb658 mode 2
Event: 12.089 Thread 0x000001d32198ba80 Uncommon trap: trap_request=0xffffff45 fr.pc=0x000001d32cbe8a38 relative=0x00000000000001b8
Event: 12.089 Thread 0x000001d32198ba80 Uncommon trap: reason=unstable_if action=reinterpret pc=0x000001d32cbe8a38 method=java.lang.StringLatin1.indexOf([B[B)I @ 9 c2
Event: 12.089 Thread 0x000001d32198ba80 DEOPT PACKING pc=0x000001d32cbe8a38 sp=0x0000000c81dfb100
Event: 12.089 Thread 0x000001d32198ba80 DEOPT UNPACKING pc=0x000001d3250a5c23 sp=0x0000000c81dfb090 mode 2
Event: 12.146 Thread 0x000001d32198ba80 Uncommon trap: trap_request=0xffffff45 fr.pc=0x000001d32cd38900 relative=0x00000000000029e0
Event: 12.146 Thread 0x000001d32198ba80 Uncommon trap: reason=unstable_if action=reinterpret pc=0x000001d32cd38900 method=java.util.TreeMap.put(Ljava/lang/Object;Ljava/lang/Object;Z)Ljava/lang/Object; @ 66 c2
Event: 12.146 Thread 0x000001d32198ba80 DEOPT PACKING pc=0x000001d32cd38900 sp=0x0000000c81df9ce0
Event: 12.146 Thread 0x000001d32198ba80 DEOPT UNPACKING pc=0x000001d3250a5c23 sp=0x0000000c81df9ca0 mode 2
Event: 12.190 Thread 0x000001d32198ba80 Uncommon trap: trap_request=0xfffffff4 fr.pc=0x000001d32cd61a60 relative=0x0000000000000aa0
Event: 12.190 Thread 0x000001d32198ba80 Uncommon trap: reason=null_check action=make_not_entrant pc=0x000001d32cd61a60 method=java.util.AbstractCollection.toArray([Ljava/lang/Object;)[Ljava/lang/Object; @ 116 c2
Event: 12.190 Thread 0x000001d32198ba80 DEOPT PACKING pc=0x000001d32cd61a60 sp=0x0000000c81dfa0e0
Event: 12.190 Thread 0x000001d32198ba80 DEOPT UNPACKING pc=0x000001d3250a5c23 sp=0x0000000c81dfa0b0 mode 2
Event: 12.283 Thread 0x000001d32198ba80 Uncommon trap: trap_request=0xffffffde fr.pc=0x000001d32cd75908 relative=0x0000000000000408
Event: 12.283 Thread 0x000001d32198ba80 Uncommon trap: reason=class_check action=maybe_recompile pc=0x000001d32cd75908 method=java.util.regex.Pattern$BmpCharPropertyGreedy.match(Ljava/util/regex/Matcher;ILjava/lang/CharSequence;)Z @ 26 c2
Event: 12.283 Thread 0x000001d32198ba80 DEOPT PACKING pc=0x000001d32cd75908 sp=0x0000000c81dfadc0
Event: 12.283 Thread 0x000001d32198ba80 DEOPT UNPACKING pc=0x000001d3250a5c23 sp=0x0000000c81dfad78 mode 2
Event: 12.327 Thread 0x000001d32198ba80 DEOPT PACKING pc=0x000001d325e8cbb8 sp=0x0000000c81dfb200
Event: 12.327 Thread 0x000001d32198ba80 DEOPT UNPACKING pc=0x000001d3250a6763 sp=0x0000000c81dfa708 mode 0

Classes unloaded (0 events):
No events

Classes redefined (0 events):
No events

Internal exceptions (20 events):
Event: 10.016 Thread 0x000001d32198ba80 Exception <a 'java/lang/NoSuchMethodError'{0x0000000082d85a90}: 'int java.lang.invoke.DirectMethodHandle$Holder.invokeStatic(java.lang.Object)'> (0x0000000082d85a90) 
thrown [s\src\hotspot\share\interpreter\linkResolver.cpp, line 759]
Event: 10.016 Thread 0x000001d32198ba80 Exception <a 'java/lang/NoSuchMethodError'{0x0000000082d89138}: 'int java.lang.invoke.DirectMethodHandle$Holder.invokeStaticInit(java.lang.Object)'> (0x0000000082d89138) 
thrown [s\src\hotspot\share\interpreter\linkResolver.cpp, line 759]
Event: 10.043 Thread 0x000001d32198ba80 Exception <a 'java/lang/NoSuchMethodError'{0x0000000082d8e5e0}: 'int java.lang.invoke.DirectMethodHandle$Holder.invokeVirtual(java.lang.Object, java.lang.Object, java.lang.Object)'> (0x0000000082d8e5e0) 
thrown [s\src\hotspot\share\interpreter\linkResolver.cpp, line 759]
Event: 10.194 Thread 0x000001d32198ba80 Exception <a 'java/lang/NoSuchMethodError'{0x000000008290c410}: 'void java.lang.invoke.DirectMethodHandle$Holder.invokeVirtual(java.lang.Object, java.lang.Object, int)'> (0x000000008290c410) 
thrown [s\src\hotspot\share\interpreter\linkResolver.cpp, line 759]
Event: 10.197 Thread 0x000001d32198ba80 Exception <a 'java/lang/NoSuchMethodError'{0x0000000082927bb8}: 'void java.lang.invoke.DirectMethodHandle$Holder.invokeVirtual(java.lang.Object, java.lang.Object, long)'> (0x0000000082927bb8) 
thrown [s\src\hotspot\share\interpreter\linkResolver.cpp, line 759]
Event: 10.425 Thread 0x000001d32198ba80 Exception <a 'java/lang/IncompatibleClassChangeError'{0x0000000082433e88}: Found class java.lang.Object, but interface was expected> (0x0000000082433e88) 
thrown [s\src\hotspot\share\interpreter\linkResolver.cpp, line 826]
Event: 10.492 Thread 0x000001d32198ba80 Exception <a 'java/lang/NoSuchMethodError'{0x00000000823a70d0}: 'int java.lang.invoke.DirectMethodHandle$Holder.invokeStaticInit(java.lang.Object, java.lang.Object, java.lang.Object, java.lang.Object)'> (0x00000000823a70d0) 
thrown [s\src\hotspot\share\interpreter\linkResolver.cpp, line 759]
Event: 10.605 Thread 0x000001d32198ba80 Exception <a 'java/lang/NoSuchMethodError'{0x0000000086aafe58}: 'java.lang.Object java.lang.invoke.DirectMethodHandle$Holder.newInvokeSpecial(java.lang.Object, java.lang.Object, java.lang.Object, java.lang.Object, java.lang.Object, java.lang.Object, java.lang.Object, java.lang.Object, java.lang.Object)'> (0x0000000086aafe58) 
thrown [s\src\hotspot\share\interpreter\linkResolver.cpp, line 759]
Event: 10.607 Thread 0x000001d32198ba80 Exception <a 'java/lang/NoSuchMethodError'{0x0000000086ab5470}: 'java.lang.Object java.lang.invoke.DirectMethodHandle$Holder.invokeSpecial(java.lang.Object, java.lang.Object, java.lang.Object, java.lang.Object, java.lang.Object, java.lang.Object, java.lang.Object, java.lang.Object, java.lang.Object, java.lang.Object)'> (0x0000000086ab5470) 
thrown [s\src\hotspot\share\interpreter\linkResolver.cpp, line 759]
Event: 10.608 Thread 0x000001d32198ba80 Exception <a 'java/lang/NoSuchMethodError'{0x0000000086ab9a38}: 'java.lang.Object java.lang.invoke.Invokers$Holder.linkToTargetMethod(java.lang.Object, java.lang.Object, java.lang.Object, java.lang.Object, java.lang.Object, java.lang.Object, java.lang.Object, java.lang.Object, java.lang.Object)'> (0x0000000086ab9a38) 
thrown [s\src\hotspot\share\interpreter\linkResolver.cpp, line 759]
Event: 10.856 Thread 0x000001d32198ba80 Exception <a 'java/lang/ClassNotFoundException'{0x00000000832ab408}: java/lang/ObjectCustomizer> (0x00000000832ab408) 
thrown [s\src\hotspot\share\classfile\systemDictionary.cpp, line 256]
Event: 10.857 Thread 0x000001d32198ba80 Exception <a 'java/lang/ClassNotFoundException'{0x00000000832b2958}: org/springframework/boot/actuate/autoconfigure/metrics/task/TaskExecutorMetricsAutoConfigurationCustomizer> (0x00000000832b2958) 
thrown [s\src\hotspot\share\classfile\systemDictionary.cpp, line 256]
Event: 11.275 Thread 0x000001d32198ba80 Exception <a 'java/lang/ClassNotFoundException'{0x0000000082a5b3e0}: java/lang/ObjectCustomizer> (0x0000000082a5b3e0) 
thrown [s\src\hotspot\share\classfile\systemDictionary.cpp, line 256]
Event: 11.277 Thread 0x000001d32198ba80 Exception <a 'java/lang/ClassNotFoundException'{0x0000000082a62a08}: org/springframework/cloud/client/discovery/simple/SimpleDiscoveryClientAutoConfigurationCustomizer> (0x0000000082a62a08) 
thrown [s\src\hotspot\share\classfile\systemDictionary.cpp, line 256]
Event: 11.280 Thread 0x000001d32198ba80 Exception <a 'java/lang/ClassNotFoundException'{0x0000000082a6e940}: org/springframework/context/ApplicationListenerCustomizer> (0x0000000082a6e940) 
thrown [s\src\hotspot\share\classfile\systemDictionary.cpp, line 256]
Event: 11.296 Thread 0x000001d32198ba80 Exception <a 'java/lang/ClassNotFoundException'{0x0000000082a758b8}: java/util/EventListenerCustomizer> (0x0000000082a758b8) 
thrown [s\src\hotspot\share\classfile\systemDictionary.cpp, line 256]
Event: 11.808 Thread 0x000001d32198ba80 Exception <a 'sun/nio/fs/WindowsException'{0x000000008358ba80}> (0x000000008358ba80) 
thrown [s\src\hotspot\share\prims\jni.cpp, line 516]
Event: 12.135 Thread 0x000001d32198ba80 Exception <a 'java/lang/IncompatibleClassChangeError'{0x0000000082c0be50}: Found class java.lang.Object, but interface was expected> (0x0000000082c0be50) 
thrown [s\src\hotspot\share\interpreter\linkResolver.cpp, line 826]
Event: 12.190 Thread 0x000001d32198ba80 Implicit null exception at 0x000001d32cd61200 to 0x000001d32cd61a40
Event: 12.354 Thread 0x000001d32198ba80 Exception <a 'java/lang/NoClassDefFoundError'{0x0000000082842048}: javax/mail/MessagingException> (0x0000000082842048) 
thrown [s\src\hotspot\share\classfile\systemDictionary.cpp, line 245]

VM Operations (20 events):
Event: 10.798 Executing VM operation: HandshakeAllThreads done
Event: 11.233 Executing VM operation: HandshakeAllThreads
Event: 11.235 Executing VM operation: HandshakeAllThreads done
Event: 11.238 Executing VM operation: ICBufferFull
Event: 11.239 Executing VM operation: ICBufferFull done
Event: 11.280 Executing VM operation: HandshakeAllThreads
Event: 11.281 Executing VM operation: HandshakeAllThreads done
Event: 11.388 Executing VM operation: ICBufferFull
Event: 11.388 Executing VM operation: ICBufferFull done
Event: 11.449 Executing VM operation: HandshakeAllThreads
Event: 11.449 Executing VM operation: HandshakeAllThreads done
Event: 11.454 Executing VM operation: HandshakeAllThreads
Event: 11.454 Executing VM operation: HandshakeAllThreads done
Event: 11.637 Executing VM operation: G1CollectForAllocation
Event: 11.652 Executing VM operation: G1CollectForAllocation done
Event: 11.907 Executing VM operation: HandshakeAllThreads
Event: 11.907 Executing VM operation: HandshakeAllThreads done
Event: 12.235 Executing VM operation: HandshakeAllThreads
Event: 12.235 Executing VM operation: HandshakeAllThreads done
Event: 12.390 Executing VM operation: G1CollectForAllocation

Events (20 events):
Event: 12.219 loading class jdk/management/jfr/RecordingInfo
Event: 12.219 loading class jdk/management/jfr/RecordingInfo done
Event: 12.219 loading class jdk/management/jfr/ConfigurationInfo
Event: 12.219 loading class jdk/management/jfr/ConfigurationInfo done
Event: 12.220 loading class jdk/management/jfr/EventTypeInfo
Event: 12.220 loading class jdk/management/jfr/EventTypeInfo done
Event: 12.224 loading class jdk/jfr/internal/management/StreamManager
Event: 12.225 loading class jdk/jfr/internal/management/StreamManager done
Event: 12.225 loading class javax/management/StandardMBean$MBeanInfoSafeAction
Event: 12.225 loading class javax/management/StandardMBean$MBeanInfoSafeAction done
Event: 12.225 loading class jdk/jfr/Recording
Event: 12.226 loading class jdk/jfr/Recording done
Event: 12.226 loading class jdk/jfr/FlightRecorder
Event: 12.226 loading class jdk/jfr/FlightRecorder done
Event: 12.226 loading class jdk/management/jfr/FlightRecorderMXBeanImpl$MXBeanListener
Event: 12.226 loading class jdk/jfr/FlightRecorderListener
Event: 12.226 loading class jdk/jfr/FlightRecorderListener done
Event: 12.226 loading class jdk/management/jfr/FlightRecorderMXBeanImpl$MXBeanListener done
Event: 12.234 loading class java/util/Collections$UnmodifiableSortedMap
Event: 12.234 loading class java/util/Collections$UnmodifiableSortedMap done


Dynamic libraries:
0x00007ff6ebcc0000 - 0x00007ff6ebcce000 	C:\Users\sfjbs\Downloads\node-20220822T134940Z-001\node\sts-4.15.3.RELEASE\plugins\org.eclipse.justj.openjdk.hotspot.jre.full.win32.x86_64_17.0.4.v20220805-1047\jre\bin\javaw.exe
0x00007ffda34d0000 - 0x00007ffda36c8000 	C:\Windows\SYSTEM32\ntdll.dll
0x00007ffda19e0000 - 0x00007ffda1a9d000 	C:\Windows\System32\KERNEL32.DLL
0x00007ffda0e50000 - 0x00007ffda111e000 	C:\Windows\System32\KERNELBASE.dll
0x00007ffda1120000 - 0x00007ffda1220000 	C:\Windows\System32\ucrtbase.dll
0x00007ffd71090000 - 0x00007ffd710a8000 	C:\Users\sfjbs\Downloads\node-20220822T134940Z-001\node\sts-4.15.3.RELEASE\plugins\org.eclipse.justj.openjdk.hotspot.jre.full.win32.x86_64_17.0.4.v20220805-1047\jre\bin\jli.dll
0x00007ffda23c0000 - 0x00007ffda2560000 	C:\Windows\System32\USER32.dll
0x00007ffda0c90000 - 0x00007ffda0cb2000 	C:\Windows\System32\win32u.dll
0x00007ffda2670000 - 0x00007ffda269a000 	C:\Windows\System32\GDI32.dll
0x00007ffda1220000 - 0x00007ffda132b000 	C:\Windows\System32\gdi32full.dll
0x00007ffda0bf0000 - 0x00007ffda0c8d000 	C:\Windows\System32\msvcp_win.dll
0x00007ffd90ce0000 - 0x00007ffd90f7a000 	C:\Windows\WinSxS\amd64_microsoft.windows.common-controls_6595b64144ccf1df_6.0.19041.1110_none_60b5254171f9507e\COMCTL32.dll
0x00007ffd895e0000 - 0x00007ffd895f9000 	C:\Users\sfjbs\Downloads\node-20220822T134940Z-001\node\sts-4.15.3.RELEASE\plugins\org.eclipse.justj.openjdk.hotspot.jre.full.win32.x86_64_17.0.4.v20220805-1047\jre\bin\VCRUNTIME140.dll
0x00007ffda33f0000 - 0x00007ffda348e000 	C:\Windows\System32\msvcrt.dll
0x00007ffda2640000 - 0x00007ffda2670000 	C:\Windows\System32\IMM32.DLL
0x00007ffd895d0000 - 0x00007ffd895dc000 	C:\Users\sfjbs\Downloads\node-20220822T134940Z-001\node\sts-4.15.3.RELEASE\plugins\org.eclipse.justj.openjdk.hotspot.jre.full.win32.x86_64_17.0.4.v20220805-1047\jre\bin\vcruntime140_1.dll
0x00007ffd81880000 - 0x00007ffd81911000 	C:\Users\sfjbs\Downloads\node-20220822T134940Z-001\node\sts-4.15.3.RELEASE\plugins\org.eclipse.justj.openjdk.hotspot.jre.full.win32.x86_64_17.0.4.v20220805-1047\jre\bin\msvcp140.dll
0x00007ffd71670000 - 0x00007ffd722b6000 	C:\Users\sfjbs\Downloads\node-20220822T134940Z-001\node\sts-4.15.3.RELEASE\plugins\org.eclipse.justj.openjdk.hotspot.jre.full.win32.x86_64_17.0.4.v20220805-1047\jre\bin\server\jvm.dll
0x00007ffda22b0000 - 0x00007ffda235e000 	C:\Windows\System32\ADVAPI32.dll
0x00007ffda1940000 - 0x00007ffda19dc000 	C:\Windows\System32\sechost.dll
0x00007ffda26a0000 - 0x00007ffda27c5000 	C:\Windows\System32\RPCRT4.dll
0x00007ffda31a0000 - 0x00007ffda31a8000 	C:\Windows\System32\PSAPI.DLL
0x00007ffd8e390000 - 0x00007ffd8e399000 	C:\Windows\SYSTEM32\WSOCK32.dll
0x00007ffda2070000 - 0x00007ffda20db000 	C:\Windows\System32\WS2_32.dll
0x00007ffd94920000 - 0x00007ffd94947000 	C:\Windows\SYSTEM32\WINMM.dll
0x00007ffd9a240000 - 0x00007ffd9a24a000 	C:\Windows\SYSTEM32\VERSION.dll
0x00007ffd9eac0000 - 0x00007ffd9ead2000 	C:\Windows\SYSTEM32\kernel.appcore.dll
0x00007ffd71660000 - 0x00007ffd7166a000 	C:\Users\sfjbs\Downloads\node-20220822T134940Z-001\node\sts-4.15.3.RELEASE\plugins\org.eclipse.justj.openjdk.hotspot.jre.full.win32.x86_64_17.0.4.v20220805-1047\jre\bin\jimage.dll
0x00007ffd95150000 - 0x00007ffd95334000 	C:\Windows\SYSTEM32\DBGHELP.DLL
0x00007ffd95f10000 - 0x00007ffd95f3c000 	C:\Windows\SYSTEM32\dbgcore.DLL
0x00007ffda0d10000 - 0x00007ffda0d92000 	C:\Windows\System32\bcryptPrimitives.dll
0x00007ffd710b0000 - 0x00007ffd710d5000 	C:\Users\sfjbs\Downloads\node-20220822T134940Z-001\node\sts-4.15.3.RELEASE\plugins\org.eclipse.justj.openjdk.hotspot.jre.full.win32.x86_64_17.0.4.v20220805-1047\jre\bin\java.dll
0x00007ffd70640000 - 0x00007ffd70658000 	C:\Users\sfjbs\Downloads\node-20220822T134940Z-001\node\sts-4.15.3.RELEASE\plugins\org.eclipse.justj.openjdk.hotspot.jre.full.win32.x86_64_17.0.4.v20220805-1047\jre\bin\zip.dll
0x00007ffda2a50000 - 0x00007ffda3193000 	C:\Windows\System32\SHELL32.dll
0x00007ffd9ecc0000 - 0x00007ffd9f455000 	C:\Windows\SYSTEM32\windows.storage.dll
0x00007ffda15e0000 - 0x00007ffda1934000 	C:\Windows\System32\combase.dll
0x00007ffda04a0000 - 0x00007ffda04d0000 	C:\Windows\SYSTEM32\Wldp.dll
0x00007ffda1530000 - 0x00007ffda15dd000 	C:\Windows\System32\SHCORE.dll
0x00007ffda27e0000 - 0x00007ffda2835000 	C:\Windows\System32\shlwapi.dll
0x00007ffda0b30000 - 0x00007ffda0b4f000 	C:\Windows\SYSTEM32\profapi.dll
0x00007ffd704b0000 - 0x00007ffd704c9000 	C:\Users\sfjbs\Downloads\node-20220822T134940Z-001\node\sts-4.15.3.RELEASE\plugins\org.eclipse.justj.openjdk.hotspot.jre.full.win32.x86_64_17.0.4.v20220805-1047\jre\bin\net.dll
0x00007ffd9b180000 - 0x00007ffd9b28a000 	C:\Windows\SYSTEM32\WINHTTP.dll
0x00007ffda0280000 - 0x00007ffda02ea000 	C:\Windows\system32\mswsock.dll
0x00007ffd70490000 - 0x00007ffd704a5000 	C:\Users\sfjbs\Downloads\node-20220822T134940Z-001\node\sts-4.15.3.RELEASE\plugins\org.eclipse.justj.openjdk.hotspot.jre.full.win32.x86_64_17.0.4.v20220805-1047\jre\bin\nio.dll
0x00007ffd70470000 - 0x00007ffd70480000 	C:\Users\sfjbs\Downloads\node-20220822T134940Z-001\node\sts-4.15.3.RELEASE\plugins\org.eclipse.justj.openjdk.hotspot.jre.full.win32.x86_64_17.0.4.v20220805-1047\jre\bin\verify.dll
0x00007ffd9ff90000 - 0x00007ffd9ffcb000 	C:\Windows\SYSTEM32\IPHLPAPI.DLL
0x00007ffda3380000 - 0x00007ffda3388000 	C:\Windows\System32\NSI.dll
0x00007ffd9b060000 - 0x00007ffd9b077000 	C:\Windows\SYSTEM32\dhcpcsvc6.DLL
0x00007ffd9afe0000 - 0x00007ffd9affd000 	C:\Windows\SYSTEM32\dhcpcsvc.DLL
0x00007ffd9ffd0000 - 0x00007ffda009a000 	C:\Windows\SYSTEM32\DNSAPI.dll
0x00007ffd9adc0000 - 0x00007ffd9adca000 	C:\Windows\System32\rasadhlp.dll
0x00007ffd9b090000 - 0x00007ffd9b110000 	C:\Windows\System32\fwpuclnt.dll
0x00007ffda1330000 - 0x00007ffda1357000 	C:\Windows\System32\bcrypt.dll
0x00007ffd89590000 - 0x00007ffd89599000 	C:\Users\sfjbs\Downloads\node-20220822T134940Z-001\node\sts-4.15.3.RELEASE\plugins\org.eclipse.justj.openjdk.hotspot.jre.full.win32.x86_64_17.0.4.v20220805-1047\jre\bin\management.dll
0x00007ffd88f70000 - 0x00007ffd88f7b000 	C:\Users\sfjbs\Downloads\node-20220822T134940Z-001\node\sts-4.15.3.RELEASE\plugins\org.eclipse.justj.openjdk.hotspot.jre.full.win32.x86_64_17.0.4.v20220805-1047\jre\bin\management_ext.dll
0x00007ffd8e050000 - 0x00007ffd8e067000 	C:\Windows\system32\napinsp.dll
0x00007ffd8e030000 - 0x00007ffd8e04b000 	C:\Windows\system32\pnrpnsp.dll
0x00007ffd8cee0000 - 0x00007ffd8cef5000 	C:\Windows\system32\wshbth.dll
0x00007ffd9bc60000 - 0x00007ffd9bc7d000 	C:\Windows\system32\NLAapi.dll
0x00007ffd8cd50000 - 0x00007ffd8cd62000 	C:\Windows\System32\winrnr.dll
0x00007ffda04e0000 - 0x00007ffda04f8000 	C:\Windows\SYSTEM32\CRYPTSP.dll
0x00007ffd9fc20000 - 0x00007ffd9fc54000 	C:\Windows\system32\rsaenh.dll
0x00007ffda0af0000 - 0x00007ffda0b1e000 	C:\Windows\SYSTEM32\USERENV.dll
0x00007ffda0410000 - 0x00007ffda041c000 	C:\Windows\SYSTEM32\CRYPTBASE.dll
0x00007ffd8c2b0000 - 0x00007ffd8c2be000 	C:\Users\sfjbs\Downloads\node-20220822T134940Z-001\node\sts-4.15.3.RELEASE\plugins\org.eclipse.justj.openjdk.hotspot.jre.full.win32.x86_64_17.0.4.v20220805-1047\jre\bin\sunmscapi.dll
0x00007ffda1360000 - 0x00007ffda14b6000 	C:\Windows\System32\CRYPT32.dll
0x00007ffda0560000 - 0x00007ffda0587000 	C:\Windows\SYSTEM32\ncrypt.dll
0x00007ffda0500000 - 0x00007ffda053b000 	C:\Windows\SYSTEM32\NTASN1.dll

dbghelp: loaded successfully - version: 4.0.5 - missing functions: none
symbol engine: initialized successfully - sym options: 0x614 - pdb path: .;C:\Users\sfjbs\Downloads\node-20220822T134940Z-001\node\sts-4.15.3.RELEASE\plugins\org.eclipse.justj.openjdk.hotspot.jre.full.win32.x86_64_17.0.4.v20220805-1047\jre\bin;C:\Windows\SYSTEM32;C:\Windows\WinSxS\amd64_microsoft.windows.common-controls_6595b64144ccf1df_6.0.19041.1110_none_60b5254171f9507e;C:\Users\sfjbs\Downloads\node-20220822T134940Z-001\node\sts-4.15.3.RELEASE\plugins\org.eclipse.justj.openjdk.hotspot.jre.full.win32.x86_64_17.0.4.v20220805-1047\jre\bin\server

VM Arguments:
jvm_args: -Dfile.encoding=UTF-8 -XX:+ShowCodeDetailsInExceptionMessages 
java_command: com.eureka.app.EurekaApplication
java_class_path (initial): C:\Users\sfjbs\Documents\Microservices\Eureka\target\classes;C:\Users\sfjbs\.m2\repository\org\springframework\cloud\spring-cloud-starter-netflix-eureka-server\3.1.4\spring-cloud-starter-netflix-eureka-server-3.1.4.jar;C:\Users\sfjbs\.m2\repository\org\springframework\cloud\spring-cloud-starter\3.1.4\spring-cloud-starter-3.1.4.jar;C:\Users\sfjbs\.m2\repository\org\springframework\cloud\spring-cloud-context\3.1.4\spring-cloud-context-3.1.4.jar;C:\Users\sfjbs\.m2\repository\org\springframework\security\spring-security-crypto\5.7.3\spring-security-crypto-5.7.3.jar;C:\Users\sfjbs\.m2\repository\org\springframework\cloud\spring-cloud-commons\3.1.4\spring-cloud-commons-3.1.4.jar;C:\Users\sfjbs\.m2\repository\org\springframework\security\spring-security-rsa\1.0.11.RELEASE\spring-security-rsa-1.0.11.RELEASE.jar;C:\Users\sfjbs\.m2\repository\org\bouncycastle\bcpkix-jdk15on\1.69\bcpkix-jdk15on-1.69.jar;C:\Users\sfjbs\.m2\repository\org\bouncycastle\bcprov-jdk15on\1.69\bcprov-jdk15on-1.69.jar;C:\Users\sfjbs\.m2\repository\org\bouncycastle\bcutil-jdk15on\1.69\bcutil-jdk15on-1.69.jar;C:\Users\sfjbs\.m2\repository\org\springframework\cloud\spring-cloud-netflix-eureka-server\3.1.4\spring-cloud-netflix-eureka-server-3.1.4.jar;C:\Users\sfjbs\.m2\repository\org\springframework\boot\spring-boot-starter-web\2.7.3\spring-boot-starter-web-2.7.3.jar;C:\Users\sfjbs\.m2\repository\org\springframework\boot\spring-boot-starter-json\2.7.3\spring-boot-starter-json-2.7.3.jar;C:\Users\sfjbs\.m2\repository\com\fasterxml\jackson\datatype\jackson-datatype-jdk8\2.13.3\jackson-datatype-jdk8-2.13.3.jar;C:\Users\sfjbs\.m2\repository\com\fasterxml\jackson\datatype\jackson-datatype-jsr310\2.13.3\jackson-datatype-jsr310-2.13.3.jar;C:\Users\sfjbs\.m2\repository\com\fasterxml\jackson\module\jackson-module-parameter-names\2.13.3\jackson-module-parameter-names-2.13.3.jar;C:\Users\sfjbs\.m2\repository\org\springframework\boot\spring-boot-starter-tomcat\2.7.3\spring-boot-starter-tomc
Launcher Type: SUN_STANDARD

[Global flags]
     intx CICompilerCount                          = 2                                         {product} {ergonomic}
     uint ConcGCThreads                            = 1                                         {product} {ergonomic}
     uint G1ConcRefinementThreads                  = 2                                         {product} {ergonomic}
   size_t G1HeapRegionSize                         = 1048576                                   {product} {ergonomic}
    uintx GCDrainStackTargetSize                   = 64                                        {product} {ergonomic}
   size_t InitialHeapSize                          = 134217728                                 {product} {ergonomic}
   size_t MarkStackSize                            = 4194304                                   {product} {ergonomic}
   size_t MaxHeapSize                              = 2147483648                                {product} {ergonomic}
   size_t MaxNewSize                               = 1287651328                                {product} {ergonomic}
   size_t MinHeapDeltaBytes                        = 1048576                                   {product} {ergonomic}
   size_t MinHeapSize                              = 8388608                                   {product} {ergonomic}
    uintx NonNMethodCodeHeapSize                   = 5826188                                {pd product} {ergonomic}
    uintx NonProfiledCodeHeapSize                  = 122916026                              {pd product} {ergonomic}
    uintx ProfiledCodeHeapSize                     = 122916026                              {pd product} {ergonomic}
    uintx ReservedCodeCacheSize                    = 251658240                              {pd product} {ergonomic}
     bool SegmentedCodeCache                       = true                                      {product} {ergonomic}
     bool ShowCodeDetailsInExceptionMessages       = true                                   {manageable} {command line}
   size_t SoftMaxHeapSize                          = 2147483648                             {manageable} {ergonomic}
     bool UseCompressedClassPointers               = true                           {product lp64_product} {ergonomic}
     bool UseCompressedOops                        = true                           {product lp64_product} {ergonomic}
     bool UseG1GC                                  = true                                      {product} {ergonomic}
     bool UseLargePagesIndividualAllocation        = false                                  {pd product} {ergonomic}

Logging:
Log output configuration:
 #0: stdout all=warning uptime,level,tags
 #1: stderr all=off uptime,level,tags

Environment Variables:
PATH=C:/Users/sfjbs/Downloads/node-20220822T134940Z-001/node/sts-4.15.3.RELEASE//plugins/org.eclipse.justj.openjdk.hotspot.jre.full.win32.x86_64_17.0.4.v20220805-1047/jre/bin/server;C:/Users/sfjbs/Downloads/node-20220822T134940Z-001/node/sts-4.15.3.RELEASE//plugins/org.eclipse.justj.openjdk.hotspot.jre.full.win32.x86_64_17.0.4.v20220805-1047/jre/bin;C:\Python310\Scripts\;C:\Python310\;C:\Program Files\Common Files\Oracle\Java\javapath;C:\Windows\system32;C:\Windows;C:\Windows\System32\Wbem;C:\Windows\System32\WindowsPowerShell\v1.0\;C:\Windows\System32\OpenSSH\;C:\Program Files\nodejs\;C:\Program Files\Docker\Docker\resources\bin;C:\ProgramData\DockerDesktop\version-bin;C:\ProgramData\chocolatey\bin;C:\Program Files (x86)\Git\cmd;C:\Users\sfjbs\AppData\Local\Microsoft\WindowsApps;C:\Users\sfjbs\AppData\Roaming\npm;C:\Users\sfjbs\AppData\Local\Programs\Microsoft VS Code\bin;C:\Users\sfjbs\Downloads\node-20220822T134940Z-001\node\sts-4.15.3.RELEASE;
USERNAME=sfjbs
OS=Windows_NT
PROCESSOR_IDENTIFIER=Intel64 Family 6 Model 85 Stepping 7, GenuineIntel
TMP=C:\Users\sfjbs\AppData\Local\Temp
TEMP=C:\Users\sfjbs\AppData\Local\Temp



---------------  S Y S T E M  ---------------

OS:
 Windows 10 , 64 bit Build 19041 (10.0.19041.1889)
OS uptime: 4 days 8:41 hours
Hyper-V role detected

CPU: total 2 (initial active 2) (1 cores per cpu, 2 threads per core) family 6 model 85 stepping 7 microcode 0xffffffff, cx8, cmov, fxsr, ht, mmx, 3dnowpref, sse, sse2, sse3, ssse3, sse4.1, sse4.2, popcnt, lzcnt, tsc, avx, avx2, aes, erms, clmul, bmi1, bmi2, rtm, adx, avx512f, avx512dq, avx512cd, avx512bw, avx512vl, fma, vzeroupper, clflush, clflushopt, hv

Memory: 4k page, system-wide physical 8190M (812M free)
TotalPageFile size 10238M (AvailPageFile size 14M)
current process WorkingSet (physical memory assigned to process): 209M, peak: 211M
current process commit charge ("private bytes"): 226M, peak: 238M

vm_info: OpenJDK 64-Bit Server VM (17.0.4+8) for windows-amd64 JRE (17.0.4+8), built on Jul 19 2022 16:05:16 by "temurin" with MS VC++ 16.7 (VS2019)

END.
